{"C:\\Users\\siyavuyachagi\\Desktop\\vuesanity\\vitest.config.ts": {"path":"C:\\Users\\siyavuyachagi\\Desktop\\vuesanity\\vitest.config.ts","all":true,"statementMap":{"0":{"start":{"line":1,"column":0},"end":{"line":1,"column":44}},"1":{"start":{"line":2,"column":0},"end":{"line":2,"column":36}},"3":{"start":{"line":4,"column":0},"end":{"line":4,"column":29}},"4":{"start":{"line":5,"column":0},"end":{"line":5,"column":21}},"5":{"start":{"line":6,"column":0},"end":{"line":6,"column":11}},"6":{"start":{"line":7,"column":0},"end":{"line":7,"column":22}},"7":{"start":{"line":8,"column":0},"end":{"line":8,"column":33}},"8":{"start":{"line":9,"column":0},"end":{"line":9,"column":19}},"9":{"start":{"line":10,"column":0},"end":{"line":10,"column":27}},"10":{"start":{"line":11,"column":0},"end":{"line":11,"column":47}},"11":{"start":{"line":12,"column":0},"end":{"line":12,"column":57}},"12":{"start":{"line":13,"column":0},"end":{"line":13,"column":9}},"13":{"start":{"line":14,"column":0},"end":{"line":14,"column":5}},"14":{"start":{"line":15,"column":0},"end":{"line":15,"column":2}}},"s":{"0":0,"1":0,"3":0,"4":0,"5":0,"6":0,"7":0,"8":0,"9":0,"10":0,"11":0,"12":0,"13":0,"14":0},"branchMap":{"0":{"type":"branch","line":1,"loc":{"start":{"line":1,"column":390},"end":{"line":15,"column":2}},"locations":[{"start":{"line":1,"column":390},"end":{"line":15,"column":2}}]}},"b":{"0":[0]},"fnMap":{"0":{"name":"(empty-report)","decl":{"start":{"line":1,"column":390},"end":{"line":15,"column":2}},"loc":{"start":{"line":1,"column":390},"end":{"line":15,"column":2}},"line":1}},"f":{"0":0}}
,"C:\\Users\\siyavuyachagi\\Desktop\\vuesanity\\scripts\\export-structure.js": {"path":"C:\\Users\\siyavuyachagi\\Desktop\\vuesanity\\scripts\\export-structure.js","all":true,"statementMap":{"0":{"start":{"line":1,"column":0},"end":{"line":1,"column":19}},"1":{"start":{"line":2,"column":0},"end":{"line":2,"column":26}},"2":{"start":{"line":3,"column":0},"end":{"line":3,"column":20}},"3":{"start":{"line":4,"column":0},"end":{"line":4,"column":24}},"4":{"start":{"line":5,"column":0},"end":{"line":5,"column":0}},"5":{"start":{"line":6,"column":0},"end":{"line":6,"column":32}},"6":{"start":{"line":7,"column":0},"end":{"line":7,"column":9}},"7":{"start":{"line":8,"column":0},"end":{"line":8,"column":32}},"8":{"start":{"line":9,"column":0},"end":{"line":9,"column":62}},"9":{"start":{"line":10,"column":0},"end":{"line":10,"column":71}},"10":{"start":{"line":11,"column":0},"end":{"line":11,"column":27}},"11":{"start":{"line":12,"column":0},"end":{"line":12,"column":0}},"12":{"start":{"line":13,"column":0},"end":{"line":13,"column":32}},"13":{"start":{"line":14,"column":0},"end":{"line":14,"column":10}},"14":{"start":{"line":15,"column":0},"end":{"line":15,"column":32}},"15":{"start":{"line":16,"column":0},"end":{"line":16,"column":104}},"16":{"start":{"line":17,"column":0},"end":{"line":17,"column":0}},"17":{"start":{"line":18,"column":0},"end":{"line":18,"column":37}},"18":{"start":{"line":19,"column":0},"end":{"line":19,"column":61}},"19":{"start":{"line":20,"column":0},"end":{"line":20,"column":18}},"20":{"start":{"line":21,"column":0},"end":{"line":21,"column":0}},"21":{"start":{"line":22,"column":0},"end":{"line":22,"column":29}},"22":{"start":{"line":23,"column":0},"end":{"line":23,"column":47}},"23":{"start":{"line":24,"column":0},"end":{"line":24,"column":73}},"24":{"start":{"line":25,"column":0},"end":{"line":25,"column":0}},"25":{"start":{"line":26,"column":0},"end":{"line":26,"column":48}},"26":{"start":{"line":27,"column":0},"end":{"line":27,"column":0}},"27":{"start":{"line":28,"column":0},"end":{"line":28,"column":23}},"28":{"start":{"line":29,"column":0},"end":{"line":29,"column":82}},"29":{"start":{"line":30,"column":0},"end":{"line":30,"column":0}},"30":{"start":{"line":31,"column":0},"end":{"line":31,"column":27}},"31":{"start":{"line":32,"column":0},"end":{"line":32,"column":29}},"32":{"start":{"line":33,"column":0},"end":{"line":33,"column":62}},"33":{"start":{"line":34,"column":0},"end":{"line":34,"column":5}},"34":{"start":{"line":35,"column":0},"end":{"line":35,"column":3}},"35":{"start":{"line":36,"column":0},"end":{"line":36,"column":0}},"36":{"start":{"line":37,"column":0},"end":{"line":37,"column":16}},"37":{"start":{"line":38,"column":0},"end":{"line":38,"column":1}},"38":{"start":{"line":39,"column":0},"end":{"line":39,"column":0}},"39":{"start":{"line":40,"column":0},"end":{"line":40,"column":31}},"40":{"start":{"line":41,"column":0},"end":{"line":41,"column":19}},"41":{"start":{"line":42,"column":0},"end":{"line":42,"column":36}},"42":{"start":{"line":43,"column":0},"end":{"line":43,"column":55}},"43":{"start":{"line":44,"column":0},"end":{"line":44,"column":17}},"44":{"start":{"line":45,"column":0},"end":{"line":45,"column":0}},"45":{"start":{"line":46,"column":0},"end":{"line":46,"column":29}},"46":{"start":{"line":47,"column":0},"end":{"line":47,"column":41}},"47":{"start":{"line":48,"column":0},"end":{"line":48,"column":17}},"48":{"start":{"line":49,"column":0},"end":{"line":49,"column":0}},"49":{"start":{"line":50,"column":0},"end":{"line":50,"column":29}},"50":{"start":{"line":51,"column":0},"end":{"line":51,"column":22}},"51":{"start":{"line":52,"column":0},"end":{"line":52,"column":40}},"52":{"start":{"line":53,"column":0},"end":{"line":53,"column":41}},"53":{"start":{"line":54,"column":0},"end":{"line":54,"column":37}},"54":{"start":{"line":55,"column":0},"end":{"line":55,"column":5}},"55":{"start":{"line":56,"column":0},"end":{"line":56,"column":0}},"56":{"start":{"line":57,"column":0},"end":{"line":57,"column":32}},"57":{"start":{"line":58,"column":0},"end":{"line":58,"column":43}},"58":{"start":{"line":59,"column":0},"end":{"line":59,"column":72}},"59":{"start":{"line":60,"column":0},"end":{"line":60,"column":0}},"60":{"start":{"line":61,"column":0},"end":{"line":61,"column":59}},"61":{"start":{"line":62,"column":0},"end":{"line":62,"column":94}},"62":{"start":{"line":63,"column":0},"end":{"line":63,"column":1}},"63":{"start":{"line":64,"column":0},"end":{"line":64,"column":0}},"64":{"start":{"line":65,"column":0},"end":{"line":65,"column":32}},"65":{"start":{"line":66,"column":0},"end":{"line":66,"column":6}},"66":{"start":{"line":67,"column":0},"end":{"line":67,"column":32}},"67":{"start":{"line":68,"column":0},"end":{"line":68,"column":28}},"68":{"start":{"line":69,"column":0},"end":{"line":69,"column":24}}},"s":{"0":0,"1":0,"2":0,"3":0,"4":0,"5":0,"6":0,"7":0,"8":0,"9":0,"10":0,"11":0,"12":0,"13":0,"14":0,"15":0,"16":0,"17":0,"18":0,"19":0,"20":0,"21":0,"22":0,"23":0,"24":0,"25":0,"26":0,"27":0,"28":0,"29":0,"30":0,"31":0,"32":0,"33":0,"34":0,"35":0,"36":0,"37":0,"38":0,"39":0,"40":0,"41":0,"42":0,"43":0,"44":0,"45":0,"46":0,"47":0,"48":0,"49":0,"50":0,"51":0,"52":0,"53":0,"54":0,"55":0,"56":0,"57":0,"58":0,"59":0,"60":0,"61":0,"62":0,"63":0,"64":0,"65":0,"66":0,"67":0,"68":0},"branchMap":{"0":{"type":"branch","line":1,"loc":{"start":{"line":1,"column":21},"end":{"line":69,"column":-317}},"locations":[{"start":{"line":1,"column":21},"end":{"line":69,"column":-317}}]}},"b":{"0":[0]},"fnMap":{"0":{"name":"(empty-report)","decl":{"start":{"line":1,"column":21},"end":{"line":69,"column":-317}},"loc":{"start":{"line":1,"column":21},"end":{"line":69,"column":-317}},"line":1}},"f":{"0":0}}
,"C:\\Users\\siyavuyachagi\\Desktop\\vuesanity\\scripts\\metrics.js": {"path":"C:\\Users\\siyavuyachagi\\Desktop\\vuesanity\\scripts\\metrics.js","all":true,"statementMap":{"0":{"start":{"line":1,"column":0},"end":{"line":1,"column":20}},"1":{"start":{"line":2,"column":0},"end":{"line":2,"column":24}},"2":{"start":{"line":3,"column":0},"end":{"line":3,"column":26}},"3":{"start":{"line":4,"column":0},"end":{"line":4,"column":0}},"4":{"start":{"line":5,"column":0},"end":{"line":5,"column":30}},"5":{"start":{"line":6,"column":0},"end":{"line":6,"column":26}},"6":{"start":{"line":7,"column":0},"end":{"line":7,"column":16}},"7":{"start":{"line":8,"column":0},"end":{"line":8,"column":69}},"8":{"start":{"line":9,"column":0},"end":{"line":9,"column":48}},"9":{"start":{"line":10,"column":0},"end":{"line":10,"column":59}},"10":{"start":{"line":11,"column":0},"end":{"line":11,"column":17}},"11":{"start":{"line":12,"column":0},"end":{"line":12,"column":3}},"12":{"start":{"line":13,"column":0},"end":{"line":13,"column":15}},"13":{"start":{"line":14,"column":0},"end":{"line":14,"column":1}},"14":{"start":{"line":15,"column":0},"end":{"line":15,"column":0}},"15":{"start":{"line":16,"column":0},"end":{"line":16,"column":35}},"16":{"start":{"line":17,"column":0},"end":{"line":17,"column":28}},"17":{"start":{"line":18,"column":0},"end":{"line":18,"column":15}},"18":{"start":{"line":19,"column":0},"end":{"line":19,"column":69}},"19":{"start":{"line":20,"column":0},"end":{"line":20,"column":48}},"20":{"start":{"line":21,"column":0},"end":{"line":21,"column":60}},"21":{"start":{"line":22,"column":0},"end":{"line":22,"column":44}},"22":{"start":{"line":23,"column":0},"end":{"line":23,"column":3}},"23":{"start":{"line":24,"column":0},"end":{"line":24,"column":14}},"24":{"start":{"line":25,"column":0},"end":{"line":25,"column":1}},"25":{"start":{"line":26,"column":0},"end":{"line":26,"column":0}},"26":{"start":{"line":27,"column":0},"end":{"line":27,"column":53}},"27":{"start":{"line":28,"column":0},"end":{"line":28,"column":30}},"28":{"start":{"line":29,"column":0},"end":{"line":29,"column":16}},"29":{"start":{"line":30,"column":0},"end":{"line":30,"column":65}},"30":{"start":{"line":31,"column":0},"end":{"line":31,"column":0}},"31":{"start":{"line":32,"column":0},"end":{"line":32,"column":69}},"32":{"start":{"line":33,"column":0},"end":{"line":33,"column":48}},"33":{"start":{"line":34,"column":0},"end":{"line":34,"column":30}},"34":{"start":{"line":35,"column":0},"end":{"line":35,"column":40}},"35":{"start":{"line":36,"column":0},"end":{"line":36,"column":57}},"36":{"start":{"line":37,"column":0},"end":{"line":37,"column":56}},"37":{"start":{"line":38,"column":0},"end":{"line":38,"column":27}},"38":{"start":{"line":39,"column":0},"end":{"line":39,"column":23}},"39":{"start":{"line":40,"column":0},"end":{"line":40,"column":43}},"40":{"start":{"line":41,"column":0},"end":{"line":41,"column":51}},"41":{"start":{"line":42,"column":0},"end":{"line":42,"column":51}},"42":{"start":{"line":43,"column":0},"end":{"line":43,"column":49}},"43":{"start":{"line":44,"column":0},"end":{"line":44,"column":16}},"44":{"start":{"line":45,"column":0},"end":{"line":45,"column":21}},"45":{"start":{"line":46,"column":0},"end":{"line":46,"column":5}},"46":{"start":{"line":47,"column":0},"end":{"line":47,"column":3}},"47":{"start":{"line":48,"column":0},"end":{"line":48,"column":15}},"48":{"start":{"line":49,"column":0},"end":{"line":49,"column":1}},"49":{"start":{"line":50,"column":0},"end":{"line":50,"column":0}},"50":{"start":{"line":51,"column":0},"end":{"line":51,"column":28}},"51":{"start":{"line":52,"column":0},"end":{"line":52,"column":40}},"52":{"start":{"line":53,"column":0},"end":{"line":53,"column":68}},"53":{"start":{"line":54,"column":0},"end":{"line":54,"column":52}},"54":{"start":{"line":55,"column":0},"end":{"line":55,"column":1}},"55":{"start":{"line":56,"column":0},"end":{"line":56,"column":0}},"56":{"start":{"line":57,"column":0},"end":{"line":57,"column":35}},"57":{"start":{"line":58,"column":0},"end":{"line":58,"column":17}},"58":{"start":{"line":59,"column":0},"end":{"line":59,"column":22}},"59":{"start":{"line":60,"column":0},"end":{"line":60,"column":23}},"60":{"start":{"line":61,"column":0},"end":{"line":61,"column":20}},"61":{"start":{"line":62,"column":0},"end":{"line":62,"column":22}},"62":{"start":{"line":63,"column":0},"end":{"line":63,"column":20}},"63":{"start":{"line":64,"column":0},"end":{"line":64,"column":37}},"64":{"start":{"line":65,"column":0},"end":{"line":65,"column":2}},"65":{"start":{"line":66,"column":0},"end":{"line":66,"column":0}},"66":{"start":{"line":67,"column":0},"end":{"line":67,"column":15}},"67":{"start":{"line":68,"column":0},"end":{"line":68,"column":38}},"68":{"start":{"line":69,"column":0},"end":{"line":69,"column":31}},"69":{"start":{"line":70,"column":0},"end":{"line":70,"column":77}},"70":{"start":{"line":71,"column":0},"end":{"line":71,"column":18}},"71":{"start":{"line":72,"column":0},"end":{"line":72,"column":1}},"72":{"start":{"line":73,"column":0},"end":{"line":73,"column":0}},"73":{"start":{"line":74,"column":0},"end":{"line":74,"column":39}},"74":{"start":{"line":75,"column":0},"end":{"line":75,"column":41}},"75":{"start":{"line":76,"column":0},"end":{"line":76,"column":44}},"76":{"start":{"line":77,"column":0},"end":{"line":77,"column":51}},"77":{"start":{"line":78,"column":0},"end":{"line":78,"column":0}},"78":{"start":{"line":79,"column":0},"end":{"line":79,"column":9}},"79":{"start":{"line":80,"column":0},"end":{"line":80,"column":14}},"80":{"start":{"line":81,"column":0},"end":{"line":81,"column":50}},"81":{"start":{"line":82,"column":0},"end":{"line":82,"column":58}},"82":{"start":{"line":83,"column":0},"end":{"line":83,"column":99}},"83":{"start":{"line":84,"column":0},"end":{"line":84,"column":93}},"84":{"start":{"line":85,"column":0},"end":{"line":85,"column":99}},"85":{"start":{"line":86,"column":0},"end":{"line":86,"column":58}},"86":{"start":{"line":87,"column":0},"end":{"line":87,"column":55}},"87":{"start":{"line":88,"column":0},"end":{"line":88,"column":94}},"88":{"start":{"line":89,"column":0},"end":{"line":89,"column":95}},"89":{"start":{"line":90,"column":0},"end":{"line":90,"column":93}},"90":{"start":{"line":91,"column":0},"end":{"line":91,"column":95}},"91":{"start":{"line":92,"column":0},"end":{"line":92,"column":93}},"92":{"start":{"line":93,"column":0},"end":{"line":93,"column":58}},"93":{"start":{"line":94,"column":0},"end":{"line":94,"column":106}},"94":{"start":{"line":95,"column":0},"end":{"line":95,"column":109}},"95":{"start":{"line":96,"column":0},"end":{"line":96,"column":58}},"96":{"start":{"line":97,"column":0},"end":{"line":97,"column":57}}},"s":{"0":0,"1":0,"2":0,"3":0,"4":0,"5":0,"6":0,"7":0,"8":0,"9":0,"10":0,"11":0,"12":0,"13":0,"14":0,"15":0,"16":0,"17":0,"18":0,"19":0,"20":0,"21":0,"22":0,"23":0,"24":0,"25":0,"26":0,"27":0,"28":0,"29":0,"30":0,"31":0,"32":0,"33":0,"34":0,"35":0,"36":0,"37":0,"38":0,"39":0,"40":0,"41":0,"42":0,"43":0,"44":0,"45":0,"46":0,"47":0,"48":0,"49":0,"50":0,"51":0,"52":0,"53":0,"54":0,"55":0,"56":0,"57":0,"58":0,"59":0,"60":0,"61":0,"62":0,"63":0,"64":0,"65":0,"66":0,"67":0,"68":0,"69":0,"70":0,"71":0,"72":0,"73":0,"74":0,"75":0,"76":0,"77":0,"78":0,"79":0,"80":0,"81":0,"82":0,"83":0,"84":0,"85":0,"86":0,"87":0,"88":0,"89":0,"90":0,"91":0,"92":0,"93":0,"94":0,"95":0,"96":0},"branchMap":{"0":{"type":"branch","line":1,"loc":{"start":{"line":1,"column":0},"end":{"line":97,"column":-760}},"locations":[{"start":{"line":1,"column":0},"end":{"line":97,"column":-760}}]}},"b":{"0":[0]},"fnMap":{"0":{"name":"(empty-report)","decl":{"start":{"line":1,"column":0},"end":{"line":97,"column":-760}},"loc":{"start":{"line":1,"column":0},"end":{"line":97,"column":-760}},"line":1}},"f":{"0":0}}
,"C:\\Users\\siyavuyachagi\\Desktop\\vuesanity\\src\\index.ts": {"path":"C:\\Users\\siyavuyachagi\\Desktop\\vuesanity\\src\\index.ts","all":false,"statementMap":{"2":{"start":{"line":3,"column":0},"end":{"line":3,"column":43}},"3":{"start":{"line":4,"column":0},"end":{"line":4,"column":50}},"4":{"start":{"line":5,"column":0},"end":{"line":5,"column":37}},"7":{"start":{"line":8,"column":0},"end":{"line":8,"column":8}},"13":{"start":{"line":14,"column":0},"end":{"line":14,"column":8}},"20":{"start":{"line":21,"column":0},"end":{"line":21,"column":8}},"38":{"start":{"line":39,"column":0},"end":{"line":39,"column":8}},"47":{"start":{"line":48,"column":0},"end":{"line":48,"column":8}}},"s":{"2":1,"3":1,"4":1,"7":1,"13":1,"20":1,"38":1,"47":1},"branchMap":{},"b":{},"fnMap":{},"f":{}}
,"C:\\Users\\siyavuyachagi\\Desktop\\vuesanity\\src\\core\\create-model.ts": {"path":"C:\\Users\\siyavuyachagi\\Desktop\\vuesanity\\src\\core\\create-model.ts","all":false,"statementMap":{"0":{"start":{"line":1,"column":0},"end":{"line":1,"column":31}},"29":{"start":{"line":30,"column":0},"end":{"line":30,"column":59}},"30":{"start":{"line":31,"column":0},"end":{"line":31,"column":65}},"31":{"start":{"line":32,"column":0},"end":{"line":32,"column":19}},"32":{"start":{"line":33,"column":0},"end":{"line":33,"column":24}},"34":{"start":{"line":35,"column":0},"end":{"line":35,"column":29}},"35":{"start":{"line":36,"column":0},"end":{"line":36,"column":36}},"36":{"start":{"line":37,"column":0},"end":{"line":37,"column":18}},"37":{"start":{"line":38,"column":0},"end":{"line":38,"column":70}},"38":{"start":{"line":39,"column":0},"end":{"line":39,"column":50}},"39":{"start":{"line":40,"column":0},"end":{"line":40,"column":39}},"40":{"start":{"line":41,"column":0},"end":{"line":41,"column":6}},"41":{"start":{"line":42,"column":0},"end":{"line":42,"column":3}},"43":{"start":{"line":44,"column":0},"end":{"line":44,"column":43}},"44":{"start":{"line":45,"column":0},"end":{"line":45,"column":1}},"49":{"start":{"line":50,"column":0},"end":{"line":50,"column":34}},"50":{"start":{"line":51,"column":0},"end":{"line":51,"column":17}},"51":{"start":{"line":52,"column":0},"end":{"line":52,"column":1}}},"s":{"0":1,"29":1,"30":32,"31":32,"32":32,"34":32,"35":59,"36":59,"37":59,"38":59,"39":59,"40":59,"41":59,"43":32,"44":32,"49":23,"50":23,"51":23},"branchMap":{"0":{"type":"branch","line":30,"loc":{"start":{"line":30,"column":7},"end":{"line":45,"column":1}},"locations":[{"start":{"line":30,"column":7},"end":{"line":45,"column":1}}]},"1":{"type":"branch","line":35,"loc":{"start":{"line":35,"column":28},"end":{"line":42,"column":3}},"locations":[{"start":{"line":35,"column":28},"end":{"line":42,"column":3}}]},"2":{"type":"branch","line":38,"loc":{"start":{"line":38,"column":26},"end":{"line":38,"column":70}},"locations":[{"start":{"line":38,"column":26},"end":{"line":38,"column":70}}]},"3":{"type":"branch","line":39,"loc":{"start":{"line":39,"column":32},"end":{"line":39,"column":50}},"locations":[{"start":{"line":39,"column":32},"end":{"line":39,"column":50}}]},"4":{"type":"branch","line":40,"loc":{"start":{"line":40,"column":27},"end":{"line":40,"column":39}},"locations":[{"start":{"line":40,"column":27},"end":{"line":40,"column":39}}]},"5":{"type":"branch","line":50,"loc":{"start":{"line":50,"column":0},"end":{"line":52,"column":1}},"locations":[{"start":{"line":50,"column":0},"end":{"line":52,"column":1}}]}},"b":{"0":[32],"1":[59],"2":[23],"3":[5],"4":[56],"5":[23]},"fnMap":{"0":{"name":"createModel","decl":{"start":{"line":30,"column":7},"end":{"line":45,"column":1}},"loc":{"start":{"line":30,"column":7},"end":{"line":45,"column":1}},"line":30},"1":{"name":"getDefaultValue","decl":{"start":{"line":50,"column":0},"end":{"line":52,"column":1}},"loc":{"start":{"line":50,"column":0},"end":{"line":52,"column":1}},"line":50}},"f":{"0":32,"1":23}}
,"C:\\Users\\siyavuyachagi\\Desktop\\vuesanity\\src\\core\\index.ts": {"path":"C:\\Users\\siyavuyachagi\\Desktop\\vuesanity\\src\\core\\index.ts","all":false,"statementMap":{"1":{"start":{"line":2,"column":0},"end":{"line":2,"column":38}},"2":{"start":{"line":3,"column":0},"end":{"line":3,"column":51}},"3":{"start":{"line":4,"column":0},"end":{"line":4,"column":45}}},"s":{"1":1,"2":1,"3":1},"branchMap":{},"b":{},"fnMap":{},"f":{}}
,"C:\\Users\\siyavuyachagi\\Desktop\\vuesanity\\src\\core\\vuesanity.ts": {"path":"C:\\Users\\siyavuyachagi\\Desktop\\vuesanity\\src\\core\\vuesanity.ts","all":false,"statementMap":{"0":{"start":{"line":1,"column":0},"end":{"line":1,"column":42}},"2":{"start":{"line":3,"column":0},"end":{"line":3,"column":51}},"33":{"start":{"line":34,"column":0},"end":{"line":34,"column":63}},"35":{"start":{"line":36,"column":0},"end":{"line":36,"column":35}},"38":{"start":{"line":39,"column":0},"end":{"line":39,"column":34}},"41":{"start":{"line":42,"column":0},"end":{"line":42,"column":59}},"44":{"start":{"line":45,"column":0},"end":{"line":45,"column":36}},"47":{"start":{"line":48,"column":0},"end":{"line":48,"column":62}},"50":{"start":{"line":51,"column":0},"end":{"line":51,"column":47}},"53":{"start":{"line":54,"column":0},"end":{"line":54,"column":44}},"60":{"start":{"line":61,"column":0},"end":{"line":61,"column":75}},"61":{"start":{"line":62,"column":0},"end":{"line":62,"column":62}},"62":{"start":{"line":63,"column":0},"end":{"line":63,"column":40}},"64":{"start":{"line":65,"column":0},"end":{"line":65,"column":25}},"65":{"start":{"line":66,"column":0},"end":{"line":66,"column":5}},"68":{"start":{"line":69,"column":0},"end":{"line":69,"column":25}},"69":{"start":{"line":70,"column":0},"end":{"line":70,"column":25}},"70":{"start":{"line":71,"column":0},"end":{"line":71,"column":33}},"72":{"start":{"line":73,"column":0},"end":{"line":73,"column":40}},"73":{"start":{"line":74,"column":0},"end":{"line":74,"column":43}},"75":{"start":{"line":76,"column":0},"end":{"line":76,"column":55}},"78":{"start":{"line":79,"column":0},"end":{"line":79,"column":32}},"79":{"start":{"line":80,"column":0},"end":{"line":80,"column":34}},"80":{"start":{"line":81,"column":0},"end":{"line":81,"column":13}},"82":{"start":{"line":83,"column":0},"end":{"line":83,"column":45}},"85":{"start":{"line":86,"column":0},"end":{"line":86,"column":45}},"87":{"start":{"line":88,"column":0},"end":{"line":88,"column":52}},"88":{"start":{"line":89,"column":0},"end":{"line":89,"column":79}},"89":{"start":{"line":90,"column":0},"end":{"line":90,"column":54}},"90":{"start":{"line":91,"column":0},"end":{"line":91,"column":59}},"91":{"start":{"line":92,"column":0},"end":{"line":92,"column":23}},"92":{"start":{"line":93,"column":0},"end":{"line":93,"column":19}},"93":{"start":{"line":94,"column":0},"end":{"line":94,"column":13}},"96":{"start":{"line":97,"column":0},"end":{"line":97,"column":18}},"98":{"start":{"line":99,"column":0},"end":{"line":99,"column":75}},"99":{"start":{"line":100,"column":0},"end":{"line":100,"column":57}},"100":{"start":{"line":101,"column":0},"end":{"line":101,"column":55}},"101":{"start":{"line":102,"column":0},"end":{"line":102,"column":19}},"102":{"start":{"line":103,"column":0},"end":{"line":103,"column":13}},"105":{"start":{"line":106,"column":0},"end":{"line":106,"column":41}},"106":{"start":{"line":107,"column":0},"end":{"line":107,"column":30}},"107":{"start":{"line":108,"column":0},"end":{"line":108,"column":50}},"108":{"start":{"line":109,"column":0},"end":{"line":109,"column":52}},"109":{"start":{"line":110,"column":0},"end":{"line":110,"column":13}},"110":{"start":{"line":111,"column":0},"end":{"line":111,"column":9}},"112":{"start":{"line":113,"column":0},"end":{"line":113,"column":29}},"115":{"start":{"line":116,"column":0},"end":{"line":116,"column":31}},"116":{"start":{"line":117,"column":0},"end":{"line":117,"column":5}},"121":{"start":{"line":122,"column":0},"end":{"line":122,"column":31}},"122":{"start":{"line":123,"column":0},"end":{"line":123,"column":28}},"123":{"start":{"line":124,"column":0},"end":{"line":124,"column":54}},"124":{"start":{"line":125,"column":0},"end":{"line":125,"column":16}},"126":{"start":{"line":127,"column":0},"end":{"line":127,"column":35}},"127":{"start":{"line":128,"column":0},"end":{"line":128,"column":44}},"128":{"start":{"line":129,"column":0},"end":{"line":129,"column":47}},"129":{"start":{"line":130,"column":0},"end":{"line":130,"column":105}},"130":{"start":{"line":131,"column":0},"end":{"line":131,"column":46}},"131":{"start":{"line":132,"column":0},"end":{"line":132,"column":17}},"132":{"start":{"line":133,"column":0},"end":{"line":133,"column":13}},"133":{"start":{"line":134,"column":0},"end":{"line":134,"column":58}},"136":{"start":{"line":137,"column":0},"end":{"line":137,"column":43}},"137":{"start":{"line":138,"column":0},"end":{"line":138,"column":44}},"138":{"start":{"line":139,"column":0},"end":{"line":139,"column":47}},"139":{"start":{"line":140,"column":0},"end":{"line":140,"column":37}},"141":{"start":{"line":142,"column":0},"end":{"line":142,"column":58}},"142":{"start":{"line":143,"column":0},"end":{"line":143,"column":43}},"143":{"start":{"line":144,"column":0},"end":{"line":144,"column":60}},"144":{"start":{"line":145,"column":0},"end":{"line":145,"column":62}},"145":{"start":{"line":146,"column":0},"end":{"line":146,"column":21}},"146":{"start":{"line":147,"column":0},"end":{"line":147,"column":17}},"147":{"start":{"line":148,"column":0},"end":{"line":148,"column":13}},"149":{"start":{"line":150,"column":0},"end":{"line":150,"column":34}},"150":{"start":{"line":151,"column":0},"end":{"line":151,"column":9}},"151":{"start":{"line":152,"column":0},"end":{"line":152,"column":5}},"154":{"start":{"line":155,"column":0},"end":{"line":155,"column":72}},"155":{"start":{"line":156,"column":0},"end":{"line":156,"column":57}},"156":{"start":{"line":157,"column":0},"end":{"line":157,"column":48}},"157":{"start":{"line":158,"column":0},"end":{"line":158,"column":5}},"161":{"start":{"line":162,"column":0},"end":{"line":162,"column":33}},"162":{"start":{"line":163,"column":0},"end":{"line":163,"column":40}},"163":{"start":{"line":164,"column":0},"end":{"line":164,"column":43}},"164":{"start":{"line":165,"column":0},"end":{"line":165,"column":41}},"165":{"start":{"line":166,"column":0},"end":{"line":166,"column":9}},"166":{"start":{"line":167,"column":0},"end":{"line":167,"column":25}},"167":{"start":{"line":168,"column":0},"end":{"line":168,"column":5}},"170":{"start":{"line":171,"column":0},"end":{"line":171,"column":33}},"171":{"start":{"line":172,"column":0},"end":{"line":172,"column":40}},"172":{"start":{"line":173,"column":0},"end":{"line":173,"column":43}},"173":{"start":{"line":174,"column":0},"end":{"line":174,"column":33}},"175":{"start":{"line":176,"column":0},"end":{"line":176,"column":44}},"176":{"start":{"line":177,"column":0},"end":{"line":177,"column":49}},"177":{"start":{"line":178,"column":0},"end":{"line":178,"column":42}},"178":{"start":{"line":179,"column":0},"end":{"line":179,"column":24}},"179":{"start":{"line":180,"column":0},"end":{"line":180,"column":51}},"180":{"start":{"line":181,"column":0},"end":{"line":181,"column":17}},"181":{"start":{"line":182,"column":0},"end":{"line":182,"column":13}},"182":{"start":{"line":183,"column":0},"end":{"line":183,"column":9}},"183":{"start":{"line":184,"column":0},"end":{"line":184,"column":5}},"186":{"start":{"line":187,"column":0},"end":{"line":187,"column":30}},"187":{"start":{"line":188,"column":0},"end":{"line":188,"column":33}},"188":{"start":{"line":189,"column":0},"end":{"line":189,"column":72}},"189":{"start":{"line":190,"column":0},"end":{"line":190,"column":33}},"190":{"start":{"line":191,"column":0},"end":{"line":191,"column":5}},"191":{"start":{"line":192,"column":0},"end":{"line":192,"column":1}}},"s":{"0":1,"2":1,"33":1,"35":1,"38":41,"41":41,"44":41,"47":41,"50":41,"53":1,"60":1,"61":41,"62":41,"64":41,"65":41,"68":1,"69":41,"70":41,"72":41,"73":78,"75":78,"78":78,"79":0,"80":0,"82":78,"85":78,"87":4,"88":17,"89":32,"90":32,"91":17,"92":4,"93":4,"96":74,"98":74,"99":87,"100":87,"101":74,"102":74,"105":78,"106":37,"107":37,"108":37,"109":37,"110":78,"112":41,"115":41,"116":41,"121":1,"122":41,"123":24,"124":39,"126":17,"127":17,"128":33,"129":33,"130":33,"131":33,"132":33,"133":17,"136":17,"137":17,"138":33,"139":33,"141":33,"142":33,"143":39,"144":39,"145":39,"146":39,"147":33,"149":17,"150":17,"151":41,"154":1,"155":33,"156":33,"157":33,"161":1,"162":58,"163":111,"164":111,"165":111,"166":58,"167":58,"170":1,"171":14,"172":29,"173":29,"175":29,"176":29,"177":1,"178":29,"179":28,"180":28,"181":29,"182":29,"183":14,"186":1,"187":17,"188":17,"189":17,"190":17,"191":1},"branchMap":{"0":{"type":"branch","line":36,"loc":{"start":{"line":36,"column":12},"end":{"line":51,"column":47}},"locations":[{"start":{"line":36,"column":12},"end":{"line":51,"column":47}}]},"1":{"type":"branch","line":54,"loc":{"start":{"line":54,"column":4},"end":{"line":54,"column":44}},"locations":[{"start":{"line":54,"column":4},"end":{"line":54,"column":44}}]},"2":{"type":"branch","line":61,"loc":{"start":{"line":61,"column":4},"end":{"line":66,"column":5}},"locations":[{"start":{"line":61,"column":4},"end":{"line":66,"column":5}}]},"3":{"type":"branch","line":69,"loc":{"start":{"line":69,"column":12},"end":{"line":117,"column":5}},"locations":[{"start":{"line":69,"column":12},"end":{"line":117,"column":5}}]},"4":{"type":"branch","line":73,"loc":{"start":{"line":73,"column":39},"end":{"line":111,"column":9}},"locations":[{"start":{"line":73,"column":39},"end":{"line":111,"column":9}}]},"5":{"type":"branch","line":76,"loc":{"start":{"line":76,"column":46},"end":{"line":76,"column":55}},"locations":[{"start":{"line":76,"column":46},"end":{"line":76,"column":55}}]},"6":{"type":"branch","line":79,"loc":{"start":{"line":79,"column":31},"end":{"line":81,"column":13}},"locations":[{"start":{"line":79,"column":31},"end":{"line":81,"column":13}}]},"7":{"type":"branch","line":86,"loc":{"start":{"line":86,"column":44},"end":{"line":94,"column":13}},"locations":[{"start":{"line":86,"column":44},"end":{"line":94,"column":13}}]},"8":{"type":"branch","line":94,"loc":{"start":{"line":94,"column":12},"end":{"line":103,"column":13}},"locations":[{"start":{"line":94,"column":12},"end":{"line":103,"column":13}}]},"9":{"type":"branch","line":106,"loc":{"start":{"line":106,"column":40},"end":{"line":110,"column":13}},"locations":[{"start":{"line":106,"column":40},"end":{"line":110,"column":13}}]},"10":{"type":"branch","line":88,"loc":{"start":{"line":88,"column":36},"end":{"line":93,"column":17}},"locations":[{"start":{"line":88,"column":36},"end":{"line":93,"column":17}}]},"11":{"type":"branch","line":89,"loc":{"start":{"line":89,"column":47},"end":{"line":92,"column":21}},"locations":[{"start":{"line":89,"column":47},"end":{"line":92,"column":21}}]},"12":{"type":"branch","line":91,"loc":{"start":{"line":91,"column":35},"end":{"line":91,"column":59}},"locations":[{"start":{"line":91,"column":35},"end":{"line":91,"column":59}}]},"13":{"type":"branch","line":99,"loc":{"start":{"line":99,"column":43},"end":{"line":102,"column":17}},"locations":[{"start":{"line":99,"column":43},"end":{"line":102,"column":17}}]},"14":{"type":"branch","line":101,"loc":{"start":{"line":101,"column":31},"end":{"line":101,"column":55}},"locations":[{"start":{"line":101,"column":31},"end":{"line":101,"column":55}}]},"15":{"type":"branch","line":122,"loc":{"start":{"line":122,"column":12},"end":{"line":152,"column":5}},"locations":[{"start":{"line":122,"column":12},"end":{"line":152,"column":5}}]},"16":{"type":"branch","line":123,"loc":{"start":{"line":123,"column":27},"end":{"line":151,"column":9}},"locations":[{"start":{"line":123,"column":27},"end":{"line":151,"column":9}}]},"17":{"type":"branch","line":123,"loc":{"start":{"line":123,"column":27},"end":{"line":125,"column":15}},"locations":[{"start":{"line":123,"column":27},"end":{"line":125,"column":15}}]},"18":{"type":"branch","line":125,"loc":{"start":{"line":125,"column":8},"end":{"line":151,"column":9}},"locations":[{"start":{"line":125,"column":8},"end":{"line":151,"column":9}}]},"19":{"type":"branch","line":128,"loc":{"start":{"line":128,"column":43},"end":{"line":133,"column":13}},"locations":[{"start":{"line":128,"column":43},"end":{"line":133,"column":13}}]},"20":{"type":"branch","line":138,"loc":{"start":{"line":138,"column":43},"end":{"line":148,"column":13}},"locations":[{"start":{"line":138,"column":43},"end":{"line":148,"column":13}}]},"21":{"type":"branch","line":140,"loc":{"start":{"line":140,"column":28},"end":{"line":140,"column":37}},"locations":[{"start":{"line":140,"column":28},"end":{"line":140,"column":37}}]},"22":{"type":"branch","line":143,"loc":{"start":{"line":143,"column":42},"end":{"line":147,"column":17}},"locations":[{"start":{"line":143,"column":42},"end":{"line":147,"column":17}}]},"23":{"type":"branch","line":155,"loc":{"start":{"line":155,"column":12},"end":{"line":158,"column":5}},"locations":[{"start":{"line":155,"column":12},"end":{"line":158,"column":5}}]},"24":{"type":"branch","line":156,"loc":{"start":{"line":156,"column":47},"end":{"line":156,"column":57}},"locations":[{"start":{"line":156,"column":47},"end":{"line":156,"column":57}}]},"25":{"type":"branch","line":157,"loc":{"start":{"line":157,"column":32},"end":{"line":157,"column":42}},"locations":[{"start":{"line":157,"column":32},"end":{"line":157,"column":42}}]},"26":{"type":"branch","line":157,"loc":{"start":{"line":157,"column":36},"end":{"line":157,"column":48}},"locations":[{"start":{"line":157,"column":36},"end":{"line":157,"column":48}}]},"27":{"type":"branch","line":162,"loc":{"start":{"line":162,"column":12},"end":{"line":168,"column":5}},"locations":[{"start":{"line":162,"column":12},"end":{"line":168,"column":5}}]},"28":{"type":"branch","line":163,"loc":{"start":{"line":163,"column":39},"end":{"line":166,"column":9}},"locations":[{"start":{"line":163,"column":39},"end":{"line":166,"column":9}}]},"29":{"type":"branch","line":171,"loc":{"start":{"line":171,"column":12},"end":{"line":184,"column":5}},"locations":[{"start":{"line":171,"column":12},"end":{"line":184,"column":5}}]},"30":{"type":"branch","line":172,"loc":{"start":{"line":172,"column":39},"end":{"line":183,"column":9}},"locations":[{"start":{"line":172,"column":39},"end":{"line":183,"column":9}}]},"31":{"type":"branch","line":174,"loc":{"start":{"line":174,"column":24},"end":{"line":174,"column":33}},"locations":[{"start":{"line":174,"column":24},"end":{"line":174,"column":33}}]},"32":{"type":"branch","line":177,"loc":{"start":{"line":177,"column":48},"end":{"line":179,"column":23}},"locations":[{"start":{"line":177,"column":48},"end":{"line":179,"column":23}}]},"33":{"type":"branch","line":179,"loc":{"start":{"line":179,"column":16},"end":{"line":181,"column":17}},"locations":[{"start":{"line":179,"column":16},"end":{"line":181,"column":17}}]},"34":{"type":"branch","line":187,"loc":{"start":{"line":187,"column":12},"end":{"line":191,"column":5}},"locations":[{"start":{"line":187,"column":12},"end":{"line":191,"column":5}}]},"35":{"type":"branch","line":188,"loc":{"start":{"line":188,"column":26},"end":{"line":188,"column":33}},"locations":[{"start":{"line":188,"column":26},"end":{"line":188,"column":33}}]},"36":{"type":"branch","line":189,"loc":{"start":{"line":189,"column":17},"end":{"line":189,"column":47}},"locations":[{"start":{"line":189,"column":17},"end":{"line":189,"column":47}}]},"37":{"type":"branch","line":189,"loc":{"start":{"line":189,"column":47},"end":{"line":189,"column":72}},"locations":[{"start":{"line":189,"column":47},"end":{"line":189,"column":72}}]}},"b":{"0":[41],"1":[6],"2":[41],"3":[41],"4":[78],"5":[0],"6":[0],"7":[4],"8":[74],"9":[37],"10":[17],"11":[32],"12":[7],"13":[87],"14":[38],"15":[41],"16":[39],"17":[24],"18":[17],"19":[33],"20":[33],"21":[0],"22":[39],"23":[33],"24":[0],"25":[2],"26":[31],"27":[58],"28":[111],"29":[14],"30":[29],"31":[0],"32":[1],"33":[28],"34":[17],"35":[0],"36":[14],"37":[14]},"fnMap":{"0":{"name":"<instance_members_initializer>","decl":{"start":{"line":36,"column":12},"end":{"line":51,"column":47}},"loc":{"start":{"line":36,"column":12},"end":{"line":51,"column":47}},"line":36},"1":{"name":"<static_initializer>","decl":{"start":{"line":54,"column":4},"end":{"line":54,"column":44}},"loc":{"start":{"line":54,"column":4},"end":{"line":54,"column":44}},"line":54},"2":{"name":"VueSanity","decl":{"start":{"line":61,"column":4},"end":{"line":66,"column":5}},"loc":{"start":{"line":61,"column":4},"end":{"line":66,"column":5}},"line":61},"3":{"name":"_validate","decl":{"start":{"line":69,"column":12},"end":{"line":117,"column":5}},"loc":{"start":{"line":69,"column":12},"end":{"line":117,"column":5}},"line":69},"4":{"name":"_normalizeModel","decl":{"start":{"line":122,"column":12},"end":{"line":152,"column":5}},"loc":{"start":{"line":122,"column":12},"end":{"line":152,"column":5}},"line":122},"5":{"name":"_toArray","decl":{"start":{"line":155,"column":12},"end":{"line":158,"column":5}},"loc":{"start":{"line":155,"column":12},"end":{"line":158,"column":5}},"line":155},"6":{"name":"_clearModelErrors","decl":{"start":{"line":162,"column":12},"end":{"line":168,"column":5}},"loc":{"start":{"line":162,"column":12},"end":{"line":168,"column":5}},"line":162},"7":{"name":"_clearModelValues","decl":{"start":{"line":171,"column":12},"end":{"line":184,"column":5}},"loc":{"start":{"line":171,"column":12},"end":{"line":184,"column":5}},"line":171},"8":{"name":"_deconstructor","decl":{"start":{"line":187,"column":12},"end":{"line":191,"column":5}},"loc":{"start":{"line":187,"column":12},"end":{"line":191,"column":5}},"line":187}},"f":{"0":41,"1":6,"2":41,"3":41,"4":41,"5":33,"6":58,"7":14,"8":17}}
,"C:\\Users\\siyavuyachagi\\Desktop\\vuesanity\\src\\helpers\\country-codes.ts": {"path":"C:\\Users\\siyavuyachagi\\Desktop\\vuesanity\\src\\helpers\\country-codes.ts","all":false,"statementMap":{"13":{"start":{"line":14,"column":0},"end":{"line":14,"column":33}},"14":{"start":{"line":15,"column":0},"end":{"line":15,"column":113}},"15":{"start":{"line":16,"column":0},"end":{"line":16,"column":109}},"16":{"start":{"line":17,"column":0},"end":{"line":17,"column":109}},"17":{"start":{"line":18,"column":0},"end":{"line":18,"column":117}},"18":{"start":{"line":19,"column":0},"end":{"line":19,"column":110}},"19":{"start":{"line":20,"column":0},"end":{"line":20,"column":109}},"20":{"start":{"line":21,"column":0},"end":{"line":21,"column":111}},"21":{"start":{"line":22,"column":0},"end":{"line":22,"column":122}},"22":{"start":{"line":23,"column":0},"end":{"line":23,"column":112}},"23":{"start":{"line":24,"column":0},"end":{"line":24,"column":109}},"24":{"start":{"line":25,"column":0},"end":{"line":25,"column":108}},"25":{"start":{"line":26,"column":0},"end":{"line":26,"column":110}},"26":{"start":{"line":27,"column":0},"end":{"line":27,"column":110}},"27":{"start":{"line":28,"column":0},"end":{"line":28,"column":113}},"28":{"start":{"line":29,"column":0},"end":{"line":29,"column":110}},"29":{"start":{"line":30,"column":0},"end":{"line":30,"column":110}},"30":{"start":{"line":31,"column":0},"end":{"line":31,"column":114}},"31":{"start":{"line":32,"column":0},"end":{"line":32,"column":111}},"32":{"start":{"line":33,"column":0},"end":{"line":33,"column":109}},"33":{"start":{"line":34,"column":0},"end":{"line":34,"column":108}},"34":{"start":{"line":35,"column":0},"end":{"line":35,"column":109}},"35":{"start":{"line":36,"column":0},"end":{"line":36,"column":108}},"36":{"start":{"line":37,"column":0},"end":{"line":37,"column":110}},"37":{"start":{"line":38,"column":0},"end":{"line":38,"column":109}},"38":{"start":{"line":39,"column":0},"end":{"line":39,"column":110}},"39":{"start":{"line":40,"column":0},"end":{"line":40,"column":124}},"40":{"start":{"line":41,"column":0},"end":{"line":41,"column":111}},"41":{"start":{"line":42,"column":0},"end":{"line":42,"column":109}},"42":{"start":{"line":43,"column":0},"end":{"line":43,"column":133}},"43":{"start":{"line":44,"column":0},"end":{"line":44,"column":125}},"44":{"start":{"line":45,"column":0},"end":{"line":45,"column":109}},"45":{"start":{"line":46,"column":0},"end":{"line":46,"column":110}},"46":{"start":{"line":47,"column":0},"end":{"line":47,"column":115}},"47":{"start":{"line":48,"column":0},"end":{"line":48,"column":108}},"48":{"start":{"line":49,"column":0},"end":{"line":49,"column":110}},"49":{"start":{"line":50,"column":0},"end":{"line":50,"column":110}},"50":{"start":{"line":51,"column":0},"end":{"line":51,"column":111}},"51":{"start":{"line":52,"column":0},"end":{"line":52,"column":109}},"52":{"start":{"line":53,"column":0},"end":{"line":53,"column":113}},"53":{"start":{"line":54,"column":0},"end":{"line":54,"column":117}},"54":{"start":{"line":55,"column":0},"end":{"line":55,"column":127}},"55":{"start":{"line":56,"column":0},"end":{"line":56,"column":107}},"56":{"start":{"line":57,"column":0},"end":{"line":57,"column":107}},"57":{"start":{"line":58,"column":0},"end":{"line":58,"column":109}},"58":{"start":{"line":59,"column":0},"end":{"line":59,"column":117}},"59":{"start":{"line":60,"column":0},"end":{"line":60,"column":114}},"60":{"start":{"line":61,"column":0},"end":{"line":61,"column":111}},"61":{"start":{"line":62,"column":0},"end":{"line":62,"column":110}},"62":{"start":{"line":63,"column":0},"end":{"line":63,"column":120}},"63":{"start":{"line":64,"column":0},"end":{"line":64,"column":131}},"64":{"start":{"line":65,"column":0},"end":{"line":65,"column":115}},"65":{"start":{"line":66,"column":0},"end":{"line":66,"column":113}},"66":{"start":{"line":67,"column":0},"end":{"line":67,"column":114}},"67":{"start":{"line":68,"column":0},"end":{"line":68,"column":109}},"68":{"start":{"line":69,"column":0},"end":{"line":69,"column":106}},"69":{"start":{"line":70,"column":0},"end":{"line":70,"column":109}},"70":{"start":{"line":71,"column":0},"end":{"line":71,"column":116}},"71":{"start":{"line":72,"column":0},"end":{"line":72,"column":109}},"72":{"start":{"line":73,"column":0},"end":{"line":73,"column":111}},"73":{"start":{"line":74,"column":0},"end":{"line":74,"column":111}},"74":{"start":{"line":75,"column":0},"end":{"line":75,"column":121}},"75":{"start":{"line":76,"column":0},"end":{"line":76,"column":109}},"76":{"start":{"line":77,"column":0},"end":{"line":77,"column":108}},"77":{"start":{"line":78,"column":0},"end":{"line":78,"column":114}},"78":{"start":{"line":79,"column":0},"end":{"line":79,"column":120}},"79":{"start":{"line":80,"column":0},"end":{"line":80,"column":110}},"80":{"start":{"line":81,"column":0},"end":{"line":81,"column":110}},"81":{"start":{"line":82,"column":0},"end":{"line":82,"column":111}},"82":{"start":{"line":83,"column":0},"end":{"line":83,"column":119}},"83":{"start":{"line":84,"column":0},"end":{"line":84,"column":116}},"84":{"start":{"line":85,"column":0},"end":{"line":85,"column":107}},"85":{"start":{"line":86,"column":0},"end":{"line":86,"column":109}},"86":{"start":{"line":87,"column":0},"end":{"line":87,"column":107}},"87":{"start":{"line":88,"column":0},"end":{"line":88,"column":115}},"88":{"start":{"line":89,"column":0},"end":{"line":89,"column":119}},"89":{"start":{"line":90,"column":0},"end":{"line":90,"column":129}},"90":{"start":{"line":91,"column":0},"end":{"line":91,"column":108}},"91":{"start":{"line":92,"column":0},"end":{"line":92,"column":109}},"92":{"start":{"line":93,"column":0},"end":{"line":93,"column":109}},"93":{"start":{"line":94,"column":0},"end":{"line":94,"column":110}},"94":{"start":{"line":95,"column":0},"end":{"line":95,"column":107}},"95":{"start":{"line":96,"column":0},"end":{"line":96,"column":112}},"96":{"start":{"line":97,"column":0},"end":{"line":97,"column":109}},"97":{"start":{"line":98,"column":0},"end":{"line":98,"column":112}},"98":{"start":{"line":99,"column":0},"end":{"line":99,"column":110}},"99":{"start":{"line":100,"column":0},"end":{"line":100,"column":112}},"100":{"start":{"line":101,"column":0},"end":{"line":101,"column":107}},"101":{"start":{"line":102,"column":0},"end":{"line":102,"column":112}},"102":{"start":{"line":103,"column":0},"end":{"line":103,"column":111}},"103":{"start":{"line":104,"column":0},"end":{"line":104,"column":109}},"104":{"start":{"line":105,"column":0},"end":{"line":105,"column":116}},"105":{"start":{"line":106,"column":0},"end":{"line":106,"column":109}},"106":{"start":{"line":107,"column":0},"end":{"line":107,"column":108}},"107":{"start":{"line":108,"column":0},"end":{"line":108,"column":111}},"108":{"start":{"line":109,"column":0},"end":{"line":109,"column":112}},"109":{"start":{"line":110,"column":0},"end":{"line":110,"column":108}},"110":{"start":{"line":111,"column":0},"end":{"line":111,"column":110}},"111":{"start":{"line":112,"column":0},"end":{"line":112,"column":108}},"112":{"start":{"line":113,"column":0},"end":{"line":113,"column":111}},"113":{"start":{"line":114,"column":0},"end":{"line":114,"column":107}},"114":{"start":{"line":115,"column":0},"end":{"line":115,"column":108}},"115":{"start":{"line":116,"column":0},"end":{"line":116,"column":109}},"116":{"start":{"line":117,"column":0},"end":{"line":117,"column":114}},"117":{"start":{"line":118,"column":0},"end":{"line":118,"column":108}},"118":{"start":{"line":119,"column":0},"end":{"line":119,"column":108}},"119":{"start":{"line":120,"column":0},"end":{"line":120,"column":110}},"120":{"start":{"line":121,"column":0},"end":{"line":121,"column":108}},"121":{"start":{"line":122,"column":0},"end":{"line":122,"column":109}},"122":{"start":{"line":123,"column":0},"end":{"line":123,"column":108}},"123":{"start":{"line":124,"column":0},"end":{"line":124,"column":112}},"124":{"start":{"line":125,"column":0},"end":{"line":125,"column":107}},"125":{"start":{"line":126,"column":0},"end":{"line":126,"column":111}},"126":{"start":{"line":127,"column":0},"end":{"line":127,"column":116}},"127":{"start":{"line":128,"column":0},"end":{"line":128,"column":114}},"128":{"start":{"line":129,"column":0},"end":{"line":129,"column":109}},"129":{"start":{"line":130,"column":0},"end":{"line":130,"column":112}},"130":{"start":{"line":131,"column":0},"end":{"line":131,"column":106}},"131":{"start":{"line":132,"column":0},"end":{"line":132,"column":109}},"132":{"start":{"line":133,"column":0},"end":{"line":133,"column":109}},"133":{"start":{"line":134,"column":0},"end":{"line":134,"column":110}},"134":{"start":{"line":135,"column":0},"end":{"line":135,"column":110}},"135":{"start":{"line":136,"column":0},"end":{"line":136,"column":107}},"136":{"start":{"line":137,"column":0},"end":{"line":137,"column":116}},"137":{"start":{"line":138,"column":0},"end":{"line":138,"column":111}},"138":{"start":{"line":139,"column":0},"end":{"line":139,"column":113}},"139":{"start":{"line":140,"column":0},"end":{"line":140,"column":108}},"140":{"start":{"line":141,"column":0},"end":{"line":141,"column":111}},"141":{"start":{"line":142,"column":0},"end":{"line":142,"column":112}},"142":{"start":{"line":143,"column":0},"end":{"line":143,"column":109}},"143":{"start":{"line":144,"column":0},"end":{"line":144,"column":110}},"144":{"start":{"line":145,"column":0},"end":{"line":145,"column":111}},"145":{"start":{"line":146,"column":0},"end":{"line":146,"column":107}},"146":{"start":{"line":147,"column":0},"end":{"line":147,"column":108}},"147":{"start":{"line":148,"column":0},"end":{"line":148,"column":119}},"148":{"start":{"line":149,"column":0},"end":{"line":149,"column":112}},"149":{"start":{"line":150,"column":0},"end":{"line":150,"column":113}},"150":{"start":{"line":151,"column":0},"end":{"line":151,"column":112}},"151":{"start":{"line":152,"column":0},"end":{"line":152,"column":109}},"152":{"start":{"line":153,"column":0},"end":{"line":153,"column":109}},"153":{"start":{"line":154,"column":0},"end":{"line":154,"column":113}},"154":{"start":{"line":155,"column":0},"end":{"line":155,"column":109}},"155":{"start":{"line":156,"column":0},"end":{"line":156,"column":109}},"156":{"start":{"line":157,"column":0},"end":{"line":157,"column":110}},"157":{"start":{"line":158,"column":0},"end":{"line":158,"column":112}},"158":{"start":{"line":159,"column":0},"end":{"line":159,"column":109}},"159":{"start":{"line":160,"column":0},"end":{"line":160,"column":113}},"160":{"start":{"line":161,"column":0},"end":{"line":161,"column":109}},"161":{"start":{"line":162,"column":0},"end":{"line":162,"column":108}},"162":{"start":{"line":163,"column":0},"end":{"line":163,"column":109}},"163":{"start":{"line":164,"column":0},"end":{"line":164,"column":112}},"164":{"start":{"line":165,"column":0},"end":{"line":165,"column":123}},"165":{"start":{"line":166,"column":0},"end":{"line":166,"column":116}},"166":{"start":{"line":167,"column":0},"end":{"line":167,"column":112}},"167":{"start":{"line":168,"column":0},"end":{"line":168,"column":112}},"168":{"start":{"line":169,"column":0},"end":{"line":169,"column":108}},"169":{"start":{"line":170,"column":0},"end":{"line":170,"column":111}},"170":{"start":{"line":171,"column":0},"end":{"line":171,"column":107}},"171":{"start":{"line":172,"column":0},"end":{"line":172,"column":117}},"172":{"start":{"line":173,"column":0},"end":{"line":173,"column":127}},"173":{"start":{"line":174,"column":0},"end":{"line":174,"column":108}},"174":{"start":{"line":175,"column":0},"end":{"line":175,"column":107}},"175":{"start":{"line":176,"column":0},"end":{"line":176,"column":111}},"176":{"start":{"line":177,"column":0},"end":{"line":177,"column":108}},"177":{"start":{"line":178,"column":0},"end":{"line":178,"column":109}},"178":{"start":{"line":179,"column":0},"end":{"line":179,"column":119}},"179":{"start":{"line":180,"column":0},"end":{"line":180,"column":110}},"180":{"start":{"line":181,"column":0},"end":{"line":181,"column":106}},"181":{"start":{"line":182,"column":0},"end":{"line":182,"column":114}},"182":{"start":{"line":183,"column":0},"end":{"line":183,"column":117}},"183":{"start":{"line":184,"column":0},"end":{"line":184,"column":107}},"184":{"start":{"line":185,"column":0},"end":{"line":185,"column":110}},"185":{"start":{"line":186,"column":0},"end":{"line":186,"column":114}},"186":{"start":{"line":187,"column":0},"end":{"line":187,"column":108}},"187":{"start":{"line":188,"column":0},"end":{"line":188,"column":109}},"188":{"start":{"line":189,"column":0},"end":{"line":189,"column":108}},"189":{"start":{"line":190,"column":0},"end":{"line":190,"column":108}},"190":{"start":{"line":191,"column":0},"end":{"line":191,"column":109}},"191":{"start":{"line":192,"column":0},"end":{"line":192,"column":118}},"192":{"start":{"line":193,"column":0},"end":{"line":193,"column":124}},"193":{"start":{"line":194,"column":0},"end":{"line":194,"column":114}},"194":{"start":{"line":195,"column":0},"end":{"line":195,"column":114}},"195":{"start":{"line":196,"column":0},"end":{"line":196,"column":135}},"196":{"start":{"line":197,"column":0},"end":{"line":197,"column":108}},"197":{"start":{"line":198,"column":0},"end":{"line":198,"column":115}},"198":{"start":{"line":199,"column":0},"end":{"line":199,"column":124}},"199":{"start":{"line":200,"column":0},"end":{"line":200,"column":114}},"200":{"start":{"line":201,"column":0},"end":{"line":201,"column":110}},"201":{"start":{"line":202,"column":0},"end":{"line":202,"column":109}},"202":{"start":{"line":203,"column":0},"end":{"line":203,"column":113}},"203":{"start":{"line":204,"column":0},"end":{"line":204,"column":115}},"204":{"start":{"line":205,"column":0},"end":{"line":205,"column":111}},"205":{"start":{"line":206,"column":0},"end":{"line":206,"column":110}},"206":{"start":{"line":207,"column":0},"end":{"line":207,"column":110}},"207":{"start":{"line":208,"column":0},"end":{"line":208,"column":118}},"208":{"start":{"line":209,"column":0},"end":{"line":209,"column":110}},"209":{"start":{"line":210,"column":0},"end":{"line":210,"column":113}},"210":{"start":{"line":211,"column":0},"end":{"line":211,"column":114}},"211":{"start":{"line":212,"column":0},"end":{"line":212,"column":106}},"212":{"start":{"line":213,"column":0},"end":{"line":213,"column":110}},"213":{"start":{"line":214,"column":0},"end":{"line":214,"column":128}},"214":{"start":{"line":215,"column":0},"end":{"line":215,"column":107}},"215":{"start":{"line":216,"column":0},"end":{"line":216,"column":111}},"216":{"start":{"line":217,"column":0},"end":{"line":217,"column":107}},"217":{"start":{"line":218,"column":0},"end":{"line":218,"column":112}},"218":{"start":{"line":219,"column":0},"end":{"line":219,"column":107}},"219":{"start":{"line":220,"column":0},"end":{"line":220,"column":108}},"220":{"start":{"line":221,"column":0},"end":{"line":221,"column":112}},"221":{"start":{"line":222,"column":0},"end":{"line":222,"column":110}},"222":{"start":{"line":223,"column":0},"end":{"line":223,"column":109}},"223":{"start":{"line":224,"column":0},"end":{"line":224,"column":114}},"224":{"start":{"line":225,"column":0},"end":{"line":225,"column":107}},"225":{"start":{"line":226,"column":0},"end":{"line":226,"column":110}},"226":{"start":{"line":227,"column":0},"end":{"line":227,"column":108}},"227":{"start":{"line":228,"column":0},"end":{"line":228,"column":122}},"228":{"start":{"line":229,"column":0},"end":{"line":229,"column":110}},"229":{"start":{"line":230,"column":0},"end":{"line":230,"column":109}},"230":{"start":{"line":231,"column":0},"end":{"line":231,"column":115}},"231":{"start":{"line":232,"column":0},"end":{"line":232,"column":109}},"232":{"start":{"line":233,"column":0},"end":{"line":233,"column":108}},"233":{"start":{"line":234,"column":0},"end":{"line":234,"column":109}},"234":{"start":{"line":235,"column":0},"end":{"line":235,"column":122}},"235":{"start":{"line":236,"column":0},"end":{"line":236,"column":117}},"236":{"start":{"line":237,"column":0},"end":{"line":237,"column":116}},"237":{"start":{"line":238,"column":0},"end":{"line":238,"column":109}},"238":{"start":{"line":239,"column":0},"end":{"line":239,"column":113}},"239":{"start":{"line":240,"column":0},"end":{"line":240,"column":110}},"240":{"start":{"line":241,"column":0},"end":{"line":241,"column":115}},"241":{"start":{"line":242,"column":0},"end":{"line":242,"column":112}},"242":{"start":{"line":243,"column":0},"end":{"line":243,"column":109}},"243":{"start":{"line":244,"column":0},"end":{"line":244,"column":120}},"244":{"start":{"line":245,"column":0},"end":{"line":245,"column":120}},"245":{"start":{"line":246,"column":0},"end":{"line":246,"column":116}},"246":{"start":{"line":247,"column":0},"end":{"line":247,"column":107}},"247":{"start":{"line":248,"column":0},"end":{"line":248,"column":108}},"248":{"start":{"line":249,"column":0},"end":{"line":249,"column":110}},"249":{"start":{"line":250,"column":0},"end":{"line":250,"column":11}},"254":{"start":{"line":255,"column":0},"end":{"line":255,"column":49}},"255":{"start":{"line":256,"column":0},"end":{"line":256,"column":81}},"256":{"start":{"line":257,"column":0},"end":{"line":257,"column":2}},"261":{"start":{"line":262,"column":0},"end":{"line":262,"column":51}},"262":{"start":{"line":263,"column":0},"end":{"line":263,"column":62}},"263":{"start":{"line":264,"column":0},"end":{"line":264,"column":2}},"268":{"start":{"line":269,"column":0},"end":{"line":269,"column":41}},"269":{"start":{"line":270,"column":0},"end":{"line":270,"column":52}},"270":{"start":{"line":271,"column":0},"end":{"line":271,"column":2}},"275":{"start":{"line":276,"column":0},"end":{"line":276,"column":44}},"276":{"start":{"line":277,"column":0},"end":{"line":277,"column":84}},"277":{"start":{"line":278,"column":0},"end":{"line":278,"column":2}},"282":{"start":{"line":283,"column":0},"end":{"line":283,"column":113}},"283":{"start":{"line":284,"column":0},"end":{"line":284,"column":41}},"285":{"start":{"line":286,"column":0},"end":{"line":286,"column":19}},"286":{"start":{"line":287,"column":0},"end":{"line":287,"column":60}},"287":{"start":{"line":288,"column":0},"end":{"line":288,"column":5}},"290":{"start":{"line":291,"column":0},"end":{"line":291,"column":50}},"292":{"start":{"line":293,"column":0},"end":{"line":293,"column":44}},"293":{"start":{"line":294,"column":0},"end":{"line":294,"column":79}},"294":{"start":{"line":295,"column":0},"end":{"line":295,"column":5}},"296":{"start":{"line":297,"column":0},"end":{"line":297,"column":44}},"297":{"start":{"line":298,"column":0},"end":{"line":298,"column":78}},"298":{"start":{"line":299,"column":0},"end":{"line":299,"column":5}},"300":{"start":{"line":301,"column":0},"end":{"line":301,"column":27}},"301":{"start":{"line":302,"column":0},"end":{"line":302,"column":2}},"306":{"start":{"line":307,"column":0},"end":{"line":307,"column":40}},"307":{"start":{"line":308,"column":0},"end":{"line":308,"column":35}},"308":{"start":{"line":309,"column":0},"end":{"line":309,"column":2}}},"s":{"13":1,"14":1,"15":1,"16":1,"17":1,"18":1,"19":1,"20":1,"21":1,"22":1,"23":1,"24":1,"25":1,"26":1,"27":1,"28":1,"29":1,"30":1,"31":1,"32":1,"33":1,"34":1,"35":1,"36":1,"37":1,"38":1,"39":1,"40":1,"41":1,"42":1,"43":1,"44":1,"45":1,"46":1,"47":1,"48":1,"49":1,"50":1,"51":1,"52":1,"53":1,"54":1,"55":1,"56":1,"57":1,"58":1,"59":1,"60":1,"61":1,"62":1,"63":1,"64":1,"65":1,"66":1,"67":1,"68":1,"69":1,"70":1,"71":1,"72":1,"73":1,"74":1,"75":1,"76":1,"77":1,"78":1,"79":1,"80":1,"81":1,"82":1,"83":1,"84":1,"85":1,"86":1,"87":1,"88":1,"89":1,"90":1,"91":1,"92":1,"93":1,"94":1,"95":1,"96":1,"97":1,"98":1,"99":1,"100":1,"101":1,"102":1,"103":1,"104":1,"105":1,"106":1,"107":1,"108":1,"109":1,"110":1,"111":1,"112":1,"113":1,"114":1,"115":1,"116":1,"117":1,"118":1,"119":1,"120":1,"121":1,"122":1,"123":1,"124":1,"125":1,"126":1,"127":1,"128":1,"129":1,"130":1,"131":1,"132":1,"133":1,"134":1,"135":1,"136":1,"137":1,"138":1,"139":1,"140":1,"141":1,"142":1,"143":1,"144":1,"145":1,"146":1,"147":1,"148":1,"149":1,"150":1,"151":1,"152":1,"153":1,"154":1,"155":1,"156":1,"157":1,"158":1,"159":1,"160":1,"161":1,"162":1,"163":1,"164":1,"165":1,"166":1,"167":1,"168":1,"169":1,"170":1,"171":1,"172":1,"173":1,"174":1,"175":1,"176":1,"177":1,"178":1,"179":1,"180":1,"181":1,"182":1,"183":1,"184":1,"185":1,"186":1,"187":1,"188":1,"189":1,"190":1,"191":1,"192":1,"193":1,"194":1,"195":1,"196":1,"197":1,"198":1,"199":1,"200":1,"201":1,"202":1,"203":1,"204":1,"205":1,"206":1,"207":1,"208":1,"209":1,"210":1,"211":1,"212":1,"213":1,"214":1,"215":1,"216":1,"217":1,"218":1,"219":1,"220":1,"221":1,"222":1,"223":1,"224":1,"225":1,"226":1,"227":1,"228":1,"229":1,"230":1,"231":1,"232":1,"233":1,"234":1,"235":1,"236":1,"237":1,"238":1,"239":1,"240":1,"241":1,"242":1,"243":1,"244":1,"245":1,"246":1,"247":1,"248":1,"249":1,"254":1,"255":7,"256":7,"261":1,"262":0,"263":0,"268":1,"269":5,"270":5,"275":1,"276":0,"277":0,"282":1,"283":0,"285":0,"286":0,"287":0,"290":0,"292":0,"293":0,"294":0,"296":0,"297":0,"298":0,"300":0,"301":0,"306":1,"307":0,"308":0},"branchMap":{"0":{"type":"branch","line":255,"loc":{"start":{"line":255,"column":31},"end":{"line":257,"column":2}},"locations":[{"start":{"line":255,"column":31},"end":{"line":257,"column":2}}]},"1":{"type":"branch","line":256,"loc":{"start":{"line":256,"column":33},"end":{"line":256,"column":79}},"locations":[{"start":{"line":256,"column":33},"end":{"line":256,"column":79}}]},"2":{"type":"branch","line":269,"loc":{"start":{"line":269,"column":34},"end":{"line":271,"column":2}},"locations":[{"start":{"line":269,"column":34},"end":{"line":271,"column":2}}]},"3":{"type":"branch","line":270,"loc":{"start":{"line":270,"column":32},"end":{"line":270,"column":50}},"locations":[{"start":{"line":270,"column":32},"end":{"line":270,"column":50}}]}},"b":{"0":[7],"1":[1465],"2":[5],"3":[1175]},"fnMap":{"0":{"name":"getCountryByISO","decl":{"start":{"line":255,"column":31},"end":{"line":257,"column":2}},"loc":{"start":{"line":255,"column":31},"end":{"line":257,"column":2}},"line":255},"1":{"name":"getCountryByCode","decl":{"start":{"line":262,"column":32},"end":{"line":264,"column":2}},"loc":{"start":{"line":262,"column":32},"end":{"line":264,"column":2}},"line":262},"2":{"name":"getAllCountryCodes","decl":{"start":{"line":269,"column":34},"end":{"line":271,"column":2}},"loc":{"start":{"line":269,"column":34},"end":{"line":271,"column":2}},"line":269},"3":{"name":"getAllCountriesSorted","decl":{"start":{"line":276,"column":37},"end":{"line":278,"column":2}},"loc":{"start":{"line":276,"column":37},"end":{"line":278,"column":2}},"line":276},"4":{"name":"validatePhoneByCountry","decl":{"start":{"line":283,"column":38},"end":{"line":302,"column":2}},"loc":{"start":{"line":283,"column":38},"end":{"line":302,"column":2}},"line":283},"5":{"name":"getTotalCountries","decl":{"start":{"line":307,"column":33},"end":{"line":309,"column":2}},"loc":{"start":{"line":307,"column":33},"end":{"line":309,"column":2}},"line":307}},"f":{"0":7,"1":0,"2":5,"3":0,"4":0,"5":0}}
,"C:\\Users\\siyavuyachagi\\Desktop\\vuesanity\\src\\helpers\\form-data.ts": {"path":"C:\\Users\\siyavuyachagi\\Desktop\\vuesanity\\src\\helpers\\form-data.ts","all":false,"statementMap":{"12":{"start":{"line":13,"column":0},"end":{"line":13,"column":58}},"13":{"start":{"line":14,"column":0},"end":{"line":14,"column":36}},"15":{"start":{"line":16,"column":0},"end":{"line":16,"column":39}},"17":{"start":{"line":18,"column":0},"end":{"line":18,"column":69}},"18":{"start":{"line":19,"column":0},"end":{"line":19,"column":31}},"19":{"start":{"line":20,"column":0},"end":{"line":20,"column":9}},"20":{"start":{"line":21,"column":0},"end":{"line":21,"column":21}},"21":{"start":{"line":22,"column":0},"end":{"line":22,"column":5}},"23":{"start":{"line":24,"column":0},"end":{"line":24,"column":54}},"24":{"start":{"line":25,"column":0},"end":{"line":25,"column":48}},"25":{"start":{"line":26,"column":0},"end":{"line":26,"column":19}},"26":{"start":{"line":27,"column":0},"end":{"line":27,"column":9}},"29":{"start":{"line":30,"column":0},"end":{"line":30,"column":32}},"31":{"start":{"line":32,"column":0},"end":{"line":32,"column":34}},"32":{"start":{"line":33,"column":0},"end":{"line":33,"column":41}},"33":{"start":{"line":34,"column":0},"end":{"line":34,"column":40}},"35":{"start":{"line":36,"column":0},"end":{"line":36,"column":59}},"36":{"start":{"line":37,"column":0},"end":{"line":37,"column":39}},"37":{"start":{"line":38,"column":0},"end":{"line":38,"column":55}},"38":{"start":{"line":39,"column":0},"end":{"line":39,"column":19}},"39":{"start":{"line":40,"column":0},"end":{"line":40,"column":20}},"41":{"start":{"line":42,"column":0},"end":{"line":42,"column":46}},"42":{"start":{"line":43,"column":0},"end":{"line":43,"column":66}},"43":{"start":{"line":44,"column":0},"end":{"line":44,"column":19}},"44":{"start":{"line":45,"column":0},"end":{"line":45,"column":13}},"45":{"start":{"line":46,"column":0},"end":{"line":46,"column":19}},"46":{"start":{"line":47,"column":0},"end":{"line":47,"column":38}},"47":{"start":{"line":48,"column":0},"end":{"line":48,"column":37}},"48":{"start":{"line":49,"column":0},"end":{"line":49,"column":37}},"49":{"start":{"line":50,"column":0},"end":{"line":50,"column":34}},"50":{"start":{"line":51,"column":0},"end":{"line":51,"column":11}},"51":{"start":{"line":52,"column":0},"end":{"line":52,"column":47}},"52":{"start":{"line":53,"column":0},"end":{"line":53,"column":39}},"53":{"start":{"line":54,"column":0},"end":{"line":54,"column":69}},"54":{"start":{"line":55,"column":0},"end":{"line":55,"column":51}},"55":{"start":{"line":56,"column":0},"end":{"line":56,"column":15}},"56":{"start":{"line":57,"column":0},"end":{"line":57,"column":41}},"57":{"start":{"line":58,"column":0},"end":{"line":58,"column":55}},"58":{"start":{"line":59,"column":0},"end":{"line":59,"column":39}},"59":{"start":{"line":60,"column":0},"end":{"line":60,"column":49}},"60":{"start":{"line":61,"column":0},"end":{"line":61,"column":9}},"61":{"start":{"line":62,"column":0},"end":{"line":62,"column":5}},"63":{"start":{"line":64,"column":0},"end":{"line":64,"column":29}},"64":{"start":{"line":65,"column":0},"end":{"line":65,"column":20}},"65":{"start":{"line":66,"column":0},"end":{"line":66,"column":1}}},"s":{"12":1,"13":28,"15":28,"17":93,"18":3,"19":3,"20":90,"21":93,"23":28,"24":97,"25":4,"26":4,"29":93,"31":97,"32":2,"33":97,"35":7,"36":1,"37":2,"38":1,"39":7,"41":6,"42":17,"43":6,"44":6,"45":7,"46":84,"47":39,"48":39,"49":38,"50":84,"51":36,"52":52,"53":52,"54":52,"55":36,"56":84,"57":2,"58":48,"59":46,"60":46,"61":97,"63":28,"64":28,"65":28},"branchMap":{"0":{"type":"branch","line":13,"loc":{"start":{"line":13,"column":7},"end":{"line":66,"column":1}},"locations":[{"start":{"line":13,"column":7},"end":{"line":66,"column":1}}]},"1":{"type":"branch","line":16,"loc":{"start":{"line":16,"column":4},"end":{"line":22,"column":5}},"locations":[{"start":{"line":16,"column":4},"end":{"line":22,"column":5}}]},"2":{"type":"branch","line":18,"loc":{"start":{"line":18,"column":12},"end":{"line":18,"column":50}},"locations":[{"start":{"line":18,"column":12},"end":{"line":18,"column":50}}]},"3":{"type":"branch","line":18,"loc":{"start":{"line":18,"column":38},"end":{"line":18,"column":68}},"locations":[{"start":{"line":18,"column":38},"end":{"line":18,"column":68}}]},"4":{"type":"branch","line":18,"loc":{"start":{"line":18,"column":68},"end":{"line":20,"column":9}},"locations":[{"start":{"line":18,"column":68},"end":{"line":20,"column":9}}]},"5":{"type":"branch","line":20,"loc":{"start":{"line":20,"column":8},"end":{"line":21,"column":21}},"locations":[{"start":{"line":20,"column":8},"end":{"line":21,"column":21}}]},"6":{"type":"branch","line":24,"loc":{"start":{"line":24,"column":4},"end":{"line":62,"column":5}},"locations":[{"start":{"line":24,"column":4},"end":{"line":62,"column":5}}]},"7":{"type":"branch","line":25,"loc":{"start":{"line":25,"column":20},"end":{"line":25,"column":47}},"locations":[{"start":{"line":25,"column":20},"end":{"line":25,"column":47}}]},"8":{"type":"branch","line":25,"loc":{"start":{"line":25,"column":47},"end":{"line":27,"column":9}},"locations":[{"start":{"line":25,"column":47},"end":{"line":27,"column":9}}]},"9":{"type":"branch","line":27,"loc":{"start":{"line":27,"column":8},"end":{"line":32,"column":33}},"locations":[{"start":{"line":27,"column":8},"end":{"line":32,"column":33}}]},"10":{"type":"branch","line":32,"loc":{"start":{"line":32,"column":33},"end":{"line":34,"column":19}},"locations":[{"start":{"line":32,"column":33},"end":{"line":34,"column":19}}]},"11":{"type":"branch","line":34,"loc":{"start":{"line":34,"column":8},"end":{"line":61,"column":9}},"locations":[{"start":{"line":34,"column":8},"end":{"line":61,"column":9}}]},"12":{"type":"branch","line":34,"loc":{"start":{"line":34,"column":39},"end":{"line":46,"column":19}},"locations":[{"start":{"line":34,"column":39},"end":{"line":46,"column":19}}]},"13":{"type":"branch","line":36,"loc":{"start":{"line":36,"column":29},"end":{"line":36,"column":58}},"locations":[{"start":{"line":36,"column":29},"end":{"line":36,"column":58}}]},"14":{"type":"branch","line":36,"loc":{"start":{"line":36,"column":58},"end":{"line":40,"column":19}},"locations":[{"start":{"line":36,"column":58},"end":{"line":40,"column":19}}]},"15":{"type":"branch","line":40,"loc":{"start":{"line":40,"column":12},"end":{"line":45,"column":13}},"locations":[{"start":{"line":40,"column":12},"end":{"line":45,"column":13}}]},"16":{"type":"branch","line":46,"loc":{"start":{"line":46,"column":8},"end":{"line":61,"column":9}},"locations":[{"start":{"line":46,"column":8},"end":{"line":61,"column":9}}]},"17":{"type":"branch","line":47,"loc":{"start":{"line":47,"column":27},"end":{"line":48,"column":37}},"locations":[{"start":{"line":47,"column":27},"end":{"line":48,"column":37}}]},"18":{"type":"branch","line":48,"loc":{"start":{"line":48,"column":29},"end":{"line":49,"column":37}},"locations":[{"start":{"line":48,"column":29},"end":{"line":49,"column":37}}]},"19":{"type":"branch","line":49,"loc":{"start":{"line":49,"column":29},"end":{"line":50,"column":34}},"locations":[{"start":{"line":49,"column":29},"end":{"line":50,"column":34}}]},"20":{"type":"branch","line":51,"loc":{"start":{"line":51,"column":10},"end":{"line":57,"column":19}},"locations":[{"start":{"line":51,"column":10},"end":{"line":57,"column":19}}]},"21":{"type":"branch","line":57,"loc":{"start":{"line":57,"column":8},"end":{"line":61,"column":9}},"locations":[{"start":{"line":57,"column":8},"end":{"line":61,"column":9}}]},"22":{"type":"branch","line":57,"loc":{"start":{"line":57,"column":40},"end":{"line":59,"column":19}},"locations":[{"start":{"line":57,"column":40},"end":{"line":59,"column":19}}]},"23":{"type":"branch","line":59,"loc":{"start":{"line":59,"column":8},"end":{"line":61,"column":9}},"locations":[{"start":{"line":59,"column":8},"end":{"line":61,"column":9}}]},"24":{"type":"branch","line":37,"loc":{"start":{"line":37,"column":28},"end":{"line":39,"column":17}},"locations":[{"start":{"line":37,"column":28},"end":{"line":39,"column":17}}]},"25":{"type":"branch","line":42,"loc":{"start":{"line":42,"column":28},"end":{"line":44,"column":17}},"locations":[{"start":{"line":42,"column":28},"end":{"line":44,"column":17}}]},"26":{"type":"branch","line":52,"loc":{"start":{"line":52,"column":37},"end":{"line":56,"column":13}},"locations":[{"start":{"line":52,"column":37},"end":{"line":56,"column":13}}]},"27":{"type":"branch","line":54,"loc":{"start":{"line":54,"column":34},"end":{"line":54,"column":65}},"locations":[{"start":{"line":54,"column":34},"end":{"line":54,"column":65}}]},"28":{"type":"branch","line":54,"loc":{"start":{"line":54,"column":59},"end":{"line":54,"column":69}},"locations":[{"start":{"line":54,"column":59},"end":{"line":54,"column":69}}]}},"b":{"0":[28],"1":[93],"2":[89],"3":[51],"4":[3],"5":[90],"6":[97],"7":[95],"8":[4],"9":[93],"10":[2],"11":[91],"12":[7],"13":[6],"14":[1],"15":[6],"16":[84],"17":[39],"18":[39],"19":[38],"20":[36],"21":[48],"22":[2],"23":[46],"24":[2],"25":[17],"26":[52],"27":[12],"28":[40]},"fnMap":{"0":{"name":"getFormData","decl":{"start":{"line":13,"column":7},"end":{"line":66,"column":1}},"loc":{"start":{"line":13,"column":7},"end":{"line":66,"column":1}},"line":13},"1":{"name":"processValue","decl":{"start":{"line":16,"column":4},"end":{"line":22,"column":5}},"loc":{"start":{"line":16,"column":4},"end":{"line":22,"column":5}},"line":16},"2":{"name":"appendToFormData","decl":{"start":{"line":24,"column":4},"end":{"line":62,"column":5}},"loc":{"start":{"line":24,"column":4},"end":{"line":62,"column":5}},"line":24}},"f":{"0":28,"1":93,"2":97}}
,"C:\\Users\\siyavuyachagi\\Desktop\\vuesanity\\src\\types\\field-config.ts": {"path":"C:\\Users\\siyavuyachagi\\Desktop\\vuesanity\\src\\types\\field-config.ts","all":true,"statementMap":{},"s":{},"branchMap":{"0":{"type":"branch","line":1,"loc":{"start":{"line":1,"column":2734},"end":{"line":93,"column":1}},"locations":[{"start":{"line":1,"column":2734},"end":{"line":93,"column":1}}]}},"b":{"0":[1]},"fnMap":{"0":{"name":"(empty-report)","decl":{"start":{"line":1,"column":2734},"end":{"line":93,"column":1}},"loc":{"start":{"line":1,"column":2734},"end":{"line":93,"column":1}},"line":1}},"f":{"0":1}}
,"C:\\Users\\siyavuyachagi\\Desktop\\vuesanity\\src\\types\\index.ts": {"path":"C:\\Users\\siyavuyachagi\\Desktop\\vuesanity\\src\\types\\index.ts","all":true,"statementMap":{"2":{"start":{"line":3,"column":0},"end":{"line":3,"column":31}},"4":{"start":{"line":5,"column":0},"end":{"line":5,"column":34}}},"s":{"2":0,"4":0},"branchMap":{"0":{"type":"branch","line":1,"loc":{"start":{"line":1,"column":23},"end":{"line":6,"column":-2}},"locations":[{"start":{"line":1,"column":23},"end":{"line":6,"column":-2}}]}},"b":{"0":[1]},"fnMap":{"0":{"name":"(empty-report)","decl":{"start":{"line":1,"column":23},"end":{"line":6,"column":-2}},"loc":{"start":{"line":1,"column":23},"end":{"line":6,"column":-2}},"line":1}},"f":{"0":1}}
,"C:\\Users\\siyavuyachagi\\Desktop\\vuesanity\\src\\types\\model-config.ts": {"path":"C:\\Users\\siyavuyachagi\\Desktop\\vuesanity\\src\\types\\model-config.ts","all":true,"statementMap":{},"s":{},"branchMap":{"0":{"type":"branch","line":1,"loc":{"start":{"line":1,"column":860},"end":{"line":36,"column":3}},"locations":[{"start":{"line":1,"column":860},"end":{"line":36,"column":3}}]}},"b":{"0":[1]},"fnMap":{"0":{"name":"(empty-report)","decl":{"start":{"line":1,"column":860},"end":{"line":36,"column":3}},"loc":{"start":{"line":1,"column":860},"end":{"line":36,"column":3}},"line":1}},"f":{"0":1}}
,"C:\\Users\\siyavuyachagi\\Desktop\\vuesanity\\src\\types\\validation-rule.ts": {"path":"C:\\Users\\siyavuyachagi\\Desktop\\vuesanity\\src\\types\\validation-rule.ts","all":true,"statementMap":{},"s":{},"branchMap":{"0":{"type":"branch","line":1,"loc":{"start":{"line":1,"column":737},"end":{"line":27,"column":1}},"locations":[{"start":{"line":1,"column":737},"end":{"line":27,"column":1}}]}},"b":{"0":[1]},"fnMap":{"0":{"name":"(empty-report)","decl":{"start":{"line":1,"column":737},"end":{"line":27,"column":1}},"loc":{"start":{"line":1,"column":737},"end":{"line":27,"column":1}},"line":1}},"f":{"0":1}}
,"C:\\Users\\siyavuyachagi\\Desktop\\vuesanity\\src\\validators\\index.ts": {"path":"C:\\Users\\siyavuyachagi\\Desktop\\vuesanity\\src\\validators\\index.ts","all":true,"statementMap":{"1":{"start":{"line":2,"column":0},"end":{"line":2,"column":32}},"2":{"start":{"line":3,"column":0},"end":{"line":3,"column":29}},"3":{"start":{"line":4,"column":0},"end":{"line":4,"column":29}},"4":{"start":{"line":5,"column":0},"end":{"line":5,"column":31}},"5":{"start":{"line":6,"column":0},"end":{"line":6,"column":31}}},"s":{"1":0,"2":0,"3":0,"4":0,"5":0},"branchMap":{"0":{"type":"branch","line":1,"loc":{"start":{"line":1,"column":2},"end":{"line":6,"column":-66}},"locations":[{"start":{"line":1,"column":2},"end":{"line":6,"column":-66}}]}},"b":{"0":[1]},"fnMap":{"0":{"name":"(empty-report)","decl":{"start":{"line":1,"column":2},"end":{"line":6,"column":-66}},"loc":{"start":{"line":1,"column":2},"end":{"line":6,"column":-66}},"line":1}},"f":{"0":1}}
,"C:\\Users\\siyavuyachagi\\Desktop\\vuesanity\\src\\validators\\boolean\\index.ts": {"path":"C:\\Users\\siyavuyachagi\\Desktop\\vuesanity\\src\\validators\\boolean\\index.ts","all":false,"statementMap":{"1":{"start":{"line":2,"column":0},"end":{"line":2,"column":45}},"2":{"start":{"line":3,"column":0},"end":{"line":3,"column":43}}},"s":{"1":1,"2":1},"branchMap":{},"b":{},"fnMap":{},"f":{}}
,"C:\\Users\\siyavuyachagi\\Desktop\\vuesanity\\src\\validators\\boolean\\must-be-false.ts": {"path":"C:\\Users\\siyavuyachagi\\Desktop\\vuesanity\\src\\validators\\boolean\\must-be-false.ts","all":false,"statementMap":{"8":{"start":{"line":9,"column":0},"end":{"line":9,"column":66}},"9":{"start":{"line":10,"column":0},"end":{"line":10,"column":43}},"10":{"start":{"line":11,"column":0},"end":{"line":11,"column":79}},"13":{"start":{"line":14,"column":0},"end":{"line":14,"column":27}},"14":{"start":{"line":15,"column":0},"end":{"line":15,"column":35}},"15":{"start":{"line":16,"column":0},"end":{"line":16,"column":37}},"16":{"start":{"line":17,"column":0},"end":{"line":17,"column":37}},"17":{"start":{"line":18,"column":0},"end":{"line":18,"column":39}},"18":{"start":{"line":19,"column":0},"end":{"line":19,"column":32}},"19":{"start":{"line":20,"column":0},"end":{"line":20,"column":33}},"20":{"start":{"line":21,"column":0},"end":{"line":21,"column":27}},"22":{"start":{"line":23,"column":0},"end":{"line":23,"column":34}},"23":{"start":{"line":24,"column":0},"end":{"line":24,"column":52}},"24":{"start":{"line":25,"column":0},"end":{"line":25,"column":9}},"26":{"start":{"line":27,"column":0},"end":{"line":27,"column":20}},"27":{"start":{"line":28,"column":0},"end":{"line":28,"column":6}},"28":{"start":{"line":29,"column":0},"end":{"line":29,"column":2}}},"s":{"8":1,"9":4,"10":9,"13":6,"14":8,"15":5,"16":4,"17":3,"18":2,"19":1,"20":0,"22":9,"23":3,"24":3,"26":3,"27":9,"28":4},"branchMap":{"0":{"type":"branch","line":9,"loc":{"start":{"line":9,"column":27},"end":{"line":29,"column":2}},"locations":[{"start":{"line":9,"column":27},"end":{"line":29,"column":2}}]},"1":{"type":"branch","line":10,"loc":{"start":{"line":10,"column":11},"end":{"line":28,"column":6}},"locations":[{"start":{"line":10,"column":11},"end":{"line":28,"column":6}}]},"2":{"type":"branch","line":11,"loc":{"start":{"line":11,"column":22},"end":{"line":11,"column":53}},"locations":[{"start":{"line":11,"column":22},"end":{"line":11,"column":53}}]},"3":{"type":"branch","line":11,"loc":{"start":{"line":11,"column":40},"end":{"line":11,"column":67}},"locations":[{"start":{"line":11,"column":40},"end":{"line":11,"column":67}}]},"4":{"type":"branch","line":11,"loc":{"start":{"line":11,"column":67},"end":{"line":11,"column":79}},"locations":[{"start":{"line":11,"column":67},"end":{"line":11,"column":79}}]},"5":{"type":"branch","line":11,"loc":{"start":{"line":11,"column":74},"end":{"line":15,"column":35}},"locations":[{"start":{"line":11,"column":74},"end":{"line":15,"column":35}}]},"6":{"type":"branch","line":11,"loc":{"start":{"line":11,"column":74},"end":{"line":15,"column":29}},"locations":[{"start":{"line":11,"column":74},"end":{"line":15,"column":29}}]},"7":{"type":"branch","line":15,"loc":{"start":{"line":15,"column":22},"end":{"line":15,"column":35}},"locations":[{"start":{"line":15,"column":22},"end":{"line":15,"column":35}}]},"8":{"type":"branch","line":15,"loc":{"start":{"line":15,"column":29},"end":{"line":21,"column":27}},"locations":[{"start":{"line":15,"column":29},"end":{"line":21,"column":27}}]},"9":{"type":"branch","line":16,"loc":{"start":{"line":16,"column":22},"end":{"line":16,"column":37}},"locations":[{"start":{"line":16,"column":22},"end":{"line":16,"column":37}}]},"10":{"type":"branch","line":16,"loc":{"start":{"line":16,"column":30},"end":{"line":21,"column":27}},"locations":[{"start":{"line":16,"column":30},"end":{"line":21,"column":27}}]},"11":{"type":"branch","line":17,"loc":{"start":{"line":17,"column":22},"end":{"line":17,"column":37}},"locations":[{"start":{"line":17,"column":22},"end":{"line":17,"column":37}}]},"12":{"type":"branch","line":17,"loc":{"start":{"line":17,"column":31},"end":{"line":21,"column":27}},"locations":[{"start":{"line":17,"column":31},"end":{"line":21,"column":27}}]},"13":{"type":"branch","line":18,"loc":{"start":{"line":18,"column":22},"end":{"line":18,"column":39}},"locations":[{"start":{"line":18,"column":22},"end":{"line":18,"column":39}}]},"14":{"type":"branch","line":18,"loc":{"start":{"line":18,"column":32},"end":{"line":21,"column":27}},"locations":[{"start":{"line":18,"column":32},"end":{"line":21,"column":27}}]},"15":{"type":"branch","line":19,"loc":{"start":{"line":19,"column":22},"end":{"line":19,"column":32}},"locations":[{"start":{"line":19,"column":22},"end":{"line":19,"column":32}}]},"16":{"type":"branch","line":19,"loc":{"start":{"line":19,"column":26},"end":{"line":21,"column":27}},"locations":[{"start":{"line":19,"column":26},"end":{"line":21,"column":27}}]},"17":{"type":"branch","line":20,"loc":{"start":{"line":20,"column":26},"end":{"line":21,"column":27}},"locations":[{"start":{"line":20,"column":26},"end":{"line":21,"column":27}}]},"18":{"type":"branch","line":23,"loc":{"start":{"line":23,"column":33},"end":{"line":27,"column":20}},"locations":[{"start":{"line":23,"column":33},"end":{"line":27,"column":20}}]}},"b":{"0":[4],"1":[9],"2":[8],"3":[7],"4":[3],"5":[8],"6":[6],"7":[1],"8":[5],"9":[1],"10":[4],"11":[1],"12":[3],"13":[1],"14":[2],"15":[1],"16":[1],"17":[0],"18":[3]},"fnMap":{"0":{"name":"mustBeFalse","decl":{"start":{"line":9,"column":27},"end":{"line":29,"column":2}},"loc":{"start":{"line":9,"column":27},"end":{"line":29,"column":2}},"line":9}},"f":{"0":4}}
[...]
column":0},"end":{"line":49,"column":59}},"49":{"start":{"line":50,"column":0},"end":{"line":50,"column":80}},"50":{"start":{"line":51,"column":0},"end":{"line":51,"column":13}},"52":{"start":{"line":53,"column":0},"end":{"line":53,"column":81}},"53":{"start":{"line":54,"column":0},"end":{"line":54,"column":57}},"54":{"start":{"line":55,"column":0},"end":{"line":55,"column":13}},"57":{"start":{"line":58,"column":0},"end":{"line":58,"column":64}},"58":{"start":{"line":59,"column":0},"end":{"line":59,"column":128}},"59":{"start":{"line":60,"column":0},"end":{"line":60,"column":13}},"61":{"start":{"line":62,"column":0},"end":{"line":62,"column":64}},"62":{"start":{"line":63,"column":0},"end":{"line":63,"column":127}},"63":{"start":{"line":64,"column":0},"end":{"line":64,"column":13}},"65":{"start":{"line":66,"column":0},"end":{"line":66,"column":22}},"66":{"start":{"line":67,"column":0},"end":{"line":67,"column":9}},"69":{"start":{"line":70,"column":0},"end":{"line":70,"column":55}},"70":{"start":{"line":71,"column":0},"end":{"line":71,"column":35}},"73":{"start":{"line":74,"column":0},"end":{"line":74,"column":47}},"74":{"start":{"line":75,"column":0},"end":{"line":75,"column":47}},"75":{"start":{"line":76,"column":0},"end":{"line":76,"column":38}},"76":{"start":{"line":77,"column":0},"end":{"line":77,"column":22}},"77":{"start":{"line":78,"column":0},"end":{"line":78,"column":13}},"78":{"start":{"line":79,"column":0},"end":{"line":79,"column":9}},"81":{"start":{"line":82,"column":0},"end":{"line":82,"column":49}},"83":{"start":{"line":84,"column":0},"end":{"line":84,"column":45}},"84":{"start":{"line":85,"column":0},"end":{"line":85,"column":103}},"85":{"start":{"line":86,"column":0},"end":{"line":86,"column":9}},"87":{"start":{"line":88,"column":0},"end":{"line":88,"column":61}},"88":{"start":{"line":89,"column":0},"end":{"line":89,"column":53}},"89":{"start":{"line":90,"column":0},"end":{"line":90,"column":9}},"91":{"start":{"line":92,"column":0},"end":{"line":92,"column":18}},"92":{"start":{"line":93,"column":0},"end":{"line":93,"column":6}},"93":{"start":{"line":94,"column":0},"end":{"line":94,"column":2}}},"s":{"1":1,"22":1,"23":9,"24":13,"26":13,"27":0,"28":0,"30":13,"33":13,"34":7,"36":7,"37":1,"38":1,"41":6,"42":6,"45":6,"48":7,"49":2,"50":2,"52":4,"53":3,"54":3,"57":7,"58":1,"59":1,"61":7,"62":1,"63":1,"65":4,"66":4,"69":5,"70":5,"73":13,"74":798,"75":2,"76":2,"77":2,"78":798,"81":5,"83":13,"84":1,"85":1,"87":13,"88":1,"89":1,"91":3,"92":13,"93":9},"branchMap":{"0":{"type":"branch","line":23,"loc":{"start":{"line":23,"column":21},"end":{"line":94,"column":2}},"locations":[{"start":{"line":23,"column":21},"end":{"line":94,"column":2}}]},"1":{"type":"branch","line":24,"loc":{"start":{"line":24,"column":11},"end":{"line":93,"column":6}},"locations":[{"start":{"line":24,"column":11},"end":{"line":93,"column":6}}]},"2":{"type":"branch","line":25,"loc":{"start":{"line":25,"column":20},"end":{"line":25,"column":30}},"locations":[{"start":{"line":25,"column":20},"end":{"line":25,"column":30}}]},"3":{"type":"branch","line":25,"loc":{"start":{"line":25,"column":27},"end":{"line":27,"column":41}},"locations":[{"start":{"line":25,"column":27},"end":{"line":27,"column":41}}]},"4":{"type":"branch","line":27,"loc":{"start":{"line":27,"column":29},"end":{"line":27,"column":68}},"locations":[{"start":{"line":27,"column":29},"end":{"line":27,"column":68}}]},"5":{"type":"branch","line":27,"loc":{"start":{"line":27,"column":68},"end":{"line":29,"column":9}},"locations":[{"start":{"line":27,"column":68},"end":{"line":29,"column":9}}]},"6":{"type":"branch","line":29,"loc":{"start":{"line":29,"column":8},"end":{"line":31,"column":56}},"locations":[{"start":{"line":29,"column":8},"end":{"line":31,"column":56}}]},"7":{"type":"branch","line":31,"loc":{"start":{"line":31,"column":45},"end":{"line":31,"column":75}},"locations":[{"start":{"line":31,"column":45},"end":{"line":31,"column":75}}]},"8":{"type":"branch","line":31,"loc":{"start":{"line":31,"column":71},"end":{"line":31,"column":81}},"locations":[{"start":{"line":31,"column":71},"end":{"line":31,"column":81}}]},"9":{"type":"branch","line":34,"loc":{"start":{"line":34,"column":20},"end":{"line":67,"column":9}},"locations":[{"start":{"line":34,"column":20},"end":{"line":67,"column":9}}]},"10":{"type":"branch","line":37,"loc":{"start":{"line":37,"column":30},"end":{"line":39,"column":13}},"locations":[{"start":{"line":37,"column":30},"end":{"line":39,"column":13}}]},"11":{"type":"branch","line":39,"loc":{"start":{"line":39,"column":12},"end":{"line":49,"column":58}},"locations":[{"start":{"line":39,"column":12},"end":{"line":49,"column":58}}]},"12":{"type":"branch","line":49,"loc":{"start":{"line":49,"column":58},"end":{"line":51,"column":13}},"locations":[{"start":{"line":49,"column":58},"end":{"line":51,"column":13}}]},"13":{"type":"branch","line":51,"loc":{"start":{"line":51,"column":12},"end":{"line":55,"column":13}},"locations":[{"start":{"line":51,"column":12},"end":{"line":55,"column":13}}]},"14":{"type":"branch","line":53,"loc":{"start":{"line":53,"column":47},"end":{"line":53,"column":80}},"locations":[{"start":{"line":53,"column":47},"end":{"line":53,"column":80}}]},"15":{"type":"branch","line":53,"loc":{"start":{"line":53,"column":80},"end":{"line":55,"column":13}},"locations":[{"start":{"line":53,"column":80},"end":{"line":55,"column":13}}]},"16":{"type":"branch","line":55,"loc":{"start":{"line":55,"column":12},"end":{"line":58,"column":63}},"locations":[{"start":{"line":55,"column":12},"end":{"line":58,"column":63}}]},"17":{"type":"branch","line":58,"loc":{"start":{"line":58,"column":63},"end":{"line":60,"column":13}},"locations":[{"start":{"line":58,"column":63},"end":{"line":60,"column":13}}]},"18":{"type":"branch","line":60,"loc":{"start":{"line":60,"column":12},"end":{"line":62,"column":63}},"locations":[{"start":{"line":60,"column":12},"end":{"line":62,"column":63}}]},"19":{"type":"branch","line":62,"loc":{"start":{"line":62,"column":63},"end":{"line":64,"column":13}},"locations":[{"start":{"line":62,"column":63},"end":{"line":64,"column":13}}]},"20":{"type":"branch","line":64,"loc":{"start":{"line":64,"column":12},"end":{"line":67,"column":9}},"locations":[{"start":{"line":64,"column":12},"end":{"line":67,"column":9}}]},"21":{"type":"branch","line":67,"loc":{"start":{"line":67,"column":8},"end":{"line":74,"column":46}},"locations":[{"start":{"line":67,"column":8},"end":{"line":74,"column":46}}]},"22":{"type":"branch","line":74,"loc":{"start":{"line":74,"column":46},"end":{"line":79,"column":9}},"locations":[{"start":{"line":74,"column":46},"end":{"line":79,"column":9}}]},"23":{"type":"branch","line":75,"loc":{"start":{"line":75,"column":46},"end":{"line":78,"column":13}},"locations":[{"start":{"line":75,"column":46},"end":{"line":78,"column":13}}]},"24":{"type":"branch","line":79,"loc":{"start":{"line":79,"column":8},"end":{"line":84,"column":44}},"locations":[{"start":{"line":79,"column":8},"end":{"line":84,"column":44}}]},"25":{"type":"branch","line":84,"loc":{"start":{"line":84,"column":44},"end":{"line":86,"column":9}},"locations":[{"start":{"line":84,"column":44},"end":{"line":86,"column":9}}]},"26":{"type":"branch","line":85,"loc":{"start":{"line":85,"column":19},"end":{"line":85,"column":103}},"locations":[{"start":{"line":85,"column":19},"end":{"line":85,"column":103}}]},"27":{"type":"branch","line":86,"loc":{"start":{"line":86,"column":8},"end":{"line":88,"column":31}},"locations":[{"start":{"line":86,"column":8},"end":{"line":88,"column":31}}]},"28":{"type":"branch","line":88,"loc":{"start":{"line":88,"column":13},"end":{"line":88,"column":60}},"locations":[{"start":{"line":88,"column":13},"end":{"line":88,"column":60}}]},"29":{"type":"branch","line":88,"loc":{"start":{"line":88,"column":60},"end":{"line":90,"column":9}},"locations":[{"start":{"line":88,"column":60},"end":{"line":90,"column":9}}]},"30":{"type":"branch","line":90,"loc":{"start":{"line":90,"column":8},"end":{"line":92,"column":18}},"locations":[{"start":{"line":90,"column":8},"end":{"line":92,"column":18}}]}},"b":{"0":[9],"1":[13],"2":[1],"3":[12],"4":[1],"5":[0],"6":[12],"7":[1],"8":[11],"9":[7],"10":[1],"11":[6],"12":[2],"13":[4],"14":[3],"15":[3],"16":[6],"17":[1],"18":[5],"19":[1],"20":[4],"21":[5],"22":[798],"23":[2],"24":[5],"25":[1],"26":[0],"27":[4],"28":[2],"29":[1],"30":[3]},"fnMap":{"0":{"name":"phone","decl":{"start":{"line":23,"column":21},"end":{"line":94,"column":2}},"loc":{"start":{"line":23,"column":21},"end":{"line":94,"column":2}},"line":23}},"f":{"0":9}}
,"C:\\Users\\siyavuyachagi\\Desktop\\vuesanity\\src\\validators\\string\\regex.ts": {"path":"C:\\Users\\siyavuyachagi\\Desktop\\vuesanity\\src\\validators\\string\\regex.ts","all":false,"statementMap":{"11":{"start":{"line":12,"column":0},"end":{"line":12,"column":22}},"12":{"start":{"line":13,"column":0},"end":{"line":13,"column":20}},"13":{"start":{"line":14,"column":0},"end":{"line":14,"column":20}},"14":{"start":{"line":15,"column":0},"end":{"line":15,"column":32}},"15":{"start":{"line":16,"column":0},"end":{"line":16,"column":36}},"16":{"start":{"line":17,"column":0},"end":{"line":17,"column":30}},"18":{"start":{"line":19,"column":0},"end":{"line":19,"column":35}},"19":{"start":{"line":20,"column":0},"end":{"line":20,"column":74}},"20":{"start":{"line":21,"column":0},"end":{"line":21,"column":9}},"21":{"start":{"line":22,"column":0},"end":{"line":22,"column":18}},"22":{"start":{"line":23,"column":0},"end":{"line":23,"column":6}},"23":{"start":{"line":24,"column":0},"end":{"line":24,"column":2}}},"s":{"11":1,"12":4,"13":4,"14":4,"15":4,"16":6,"18":6,"19":3,"20":3,"21":2,"22":6,"23":4},"branchMap":{"0":{"type":"branch","line":12,"loc":{"start":{"line":12,"column":21},"end":{"line":24,"column":2}},"locations":[{"start":{"line":12,"column":21},"end":{"line":24,"column":2}}]},"1":{"type":"branch","line":16,"loc":{"start":{"line":16,"column":11},"end":{"line":23,"column":6}},"locations":[{"start":{"line":16,"column":11},"end":{"line":23,"column":6}}]},"2":{"type":"branch","line":17,"loc":{"start":{"line":17,"column":20},"end":{"line":17,"column":30}},"locations":[{"start":{"line":17,"column":20},"end":{"line":17,"column":30}}]},"3":{"type":"branch","line":17,"loc":{"start":{"line":17,"column":27},"end":{"line":19,"column":34}},"locations":[{"start":{"line":17,"column":27},"end":{"line":19,"column":34}}]},"4":{"type":"branch","line":19,"loc":{"start":{"line":19,"column":34},"end":{"line":21,"column":9}},"locations":[{"start":{"line":19,"column":34},"end":{"line":21,"column":9}}]},"5":{"type":"branch","line":20,"loc":{"start":{"line":20,"column":19},"end":{"line":20,"column":74}},"locations":[{"start":{"line":20,"column":19},"end":{"line":20,"column":74}}]},"6":{"type":"branch","line":21,"loc":{"start":{"line":21,"column":8},"end":{"line":22,"column":18}},"locations":[{"start":{"line":21,"column":8},"end":{"line":22,"column":18}}]}},"b":{"0":[4],"1":[6],"2":[1],"3":[5],"4":[3],"5":[2],"6":[2]},"fnMap":{"0":{"name":"regex","decl":{"start":{"line":12,"column":21},"end":{"line":24,"column":2}},"loc":{"start":{"line":12,"column":21},"end":{"line":24,"column":2}},"line":12}},"f":{"0":4}}
,"C:\\Users\\siyavuyachagi\\Desktop\\vuesanity\\src\\validators\\string\\required.ts": {"path":"C:\\Users\\siyavuyachagi\\Desktop\\vuesanity\\src\\validators\\string\\required.ts","all":false,"statementMap":{"6":{"start":{"line":7,"column":0},"end":{"line":7,"column":73}},"7":{"start":{"line":8,"column":0},"end":{"line":8,"column":34}},"8":{"start":{"line":9,"column":0},"end":{"line":9,"column":64}},"9":{"start":{"line":10,"column":0},"end":{"line":10,"column":21}},"10":{"start":{"line":11,"column":0},"end":{"line":11,"column":5}},"11":{"start":{"line":12,"column":0},"end":{"line":12,"column":59}},"12":{"start":{"line":13,"column":0},"end":{"line":13,"column":21}},"13":{"start":{"line":14,"column":0},"end":{"line":14,"column":5}},"14":{"start":{"line":15,"column":0},"end":{"line":15,"column":14}},"15":{"start":{"line":16,"column":0},"end":{"line":16,"column":4}},"16":{"start":{"line":17,"column":0},"end":{"line":17,"column":2}}},"s":{"6":1,"7":45,"8":58,"9":16,"10":16,"11":58,"12":1,"13":1,"14":41,"15":58,"16":45},"branchMap":{"0":{"type":"branch","line":7,"loc":{"start":{"line":7,"column":24},"end":{"line":17,"column":2}},"locations":[{"start":{"line":7,"column":24},"end":{"line":17,"column":2}}]},"1":{"type":"branch","line":8,"loc":{"start":{"line":8,"column":9},"end":{"line":16,"column":4}},"locations":[{"start":{"line":8,"column":9},"end":{"line":16,"column":4}}]},"2":{"type":"branch","line":9,"loc":{"start":{"line":9,"column":18},"end":{"line":9,"column":49}},"locations":[{"start":{"line":9,"column":18},"end":{"line":9,"column":49}}]},"3":{"type":"branch","line":9,"loc":{"start":{"line":9,"column":36},"end":{"line":9,"column":63}},"locations":[{"start":{"line":9,"column":36},"end":{"line":9,"column":63}}]},"4":{"type":"branch","line":9,"loc":{"start":{"line":9,"column":63},"end":{"line":12,"column":37}},"locations":[{"start":{"line":9,"column":63},"end":{"line":12,"column":37}}]},"5":{"type":"branch","line":9,"loc":{"start":{"line":9,"column":63},"end":{"line":11,"column":5}},"locations":[{"start":{"line":9,"column":63},"end":{"line":11,"column":5}}]},"6":{"type":"branch","line":11,"loc":{"start":{"line":11,"column":4},"end":{"line":12,"column":37}},"locations":[{"start":{"line":11,"column":4},"end":{"line":12,"column":37}}]},"7":{"type":"branch","line":12,"loc":{"start":{"line":12,"column":25},"end":{"line":12,"column":58}},"locations":[{"start":{"line":12,"column":25},"end":{"line":12,"column":58}}]},"8":{"type":"branch","line":12,"loc":{"start":{"line":12,"column":58},"end":{"line":14,"column":5}},"locations":[{"start":{"line":12,"column":58},"end":{"line":14,"column":5}}]},"9":{"type":"branch","line":14,"loc":{"start":{"line":14,"column":4},"end":{"line":15,"column":14}},"locations":[{"start":{"line":14,"column":4},"end":{"line":15,"column":14}}]}},"b":{"0":[45],"1":[58],"2":[57],"3":[56],"4":[54],"5":[16],"6":[42],"7":[24],"8":[1],"9":[41]},"fnMap":{"0":{"name":"required","decl":{"start":{"line":7,"column":24},"end":{"line":17,"column":2}},"loc":{"start":{"line":7,"column":24},"end":{"line":17,"column":2}},"line":7}},"f":{"0":45}}
,"C:\\Users\\siyavuyachagi\\Desktop\\vuesanity\\src\\validators\\string\\same-as.ts": {"path":"C:\\Users\\siyavuyachagi\\Desktop\\vuesanity\\src\\validators\\string\\same-as.ts","all":false,"statementMap":{"14":{"start":{"line":15,"column":0},"end":{"line":15,"column":23}},"15":{"start":{"line":16,"column":0},"end":{"line":16,"column":36}},"16":{"start":{"line":17,"column":0},"end":{"line":17,"column":20}},"17":{"start":{"line":18,"column":0},"end":{"line":18,"column":22}},"18":{"start":{"line":19,"column":0},"end":{"line":19,"column":43}},"19":{"start":{"line":20,"column":0},"end":{"line":20,"column":32}},"21":{"start":{"line":22,"column":0},"end":{"line":22,"column":30}},"22":{"start":{"line":23,"column":0},"end":{"line":23,"column":79}},"24":{"start":{"line":25,"column":0},"end":{"line":25,"column":39}},"25":{"start":{"line":26,"column":0},"end":{"line":26,"column":51}},"26":{"start":{"line":27,"column":0},"end":{"line":27,"column":9}},"27":{"start":{"line":28,"column":0},"end":{"line":28,"column":20}},"28":{"start":{"line":29,"column":0},"end":{"line":29,"column":6}},"29":{"start":{"line":30,"column":0},"end":{"line":30,"column":2}}},"s":{"14":1,"15":8,"16":8,"17":8,"18":8,"19":9,"21":7,"22":9,"24":9,"25":4,"26":4,"27":3,"28":9,"29":8},"branchMap":{"0":{"type":"branch","line":15,"loc":{"start":{"line":15,"column":22},"end":{"line":30,"column":2}},"locations":[{"start":{"line":15,"column":22},"end":{"line":30,"column":2}}]},"1":{"type":"branch","line":19,"loc":{"start":{"line":19,"column":11},"end":{"line":29,"column":6}},"locations":[{"start":{"line":19,"column":11},"end":{"line":29,"column":6}}]},"2":{"type":"branch","line":20,"loc":{"start":{"line":20,"column":20},"end":{"line":20,"column":32}},"locations":[{"start":{"line":20,"column":20},"end":{"line":20,"column":32}}]},"3":{"type":"branch","line":20,"loc":{"start":{"line":20,"column":27},"end":{"line":23,"column":49}},"locations":[{"start":{"line":20,"column":27},"end":{"line":23,"column":49}}]},"4":{"type":"branch","line":23,"loc":{"start":{"line":23,"column":36},"end":{"line":23,"column":66}},"locations":[{"start":{"line":23,"column":36},"end":{"line":23,"column":66}}]},"5":{"type":"branch","line":23,"loc":{"start":{"line":23,"column":62},"end":{"line":23,"column":79}},"locations":[{"start":{"line":23,"column":62},"end":{"line":23,"column":79}}]},"6":{"type":"branch","line":25,"loc":{"start":{"line":25,"column":38},"end":{"line":28,"column":20}},"locations":[{"start":{"line":25,"column":38},"end":{"line":28,"column":20}}]},"7":{"type":"branch","line":25,"loc":{"start":{"line":25,"column":38},"end":{"line":27,"column":9}},"locations":[{"start":{"line":25,"column":38},"end":{"line":27,"column":9}}]},"8":{"type":"branch","line":26,"loc":{"start":{"line":26,"column":19},"end":{"line":26,"column":51}},"locations":[{"start":{"line":26,"column":19},"end":{"line":26,"column":51}}]},"9":{"type":"branch","line":27,"loc":{"start":{"line":27,"column":8},"end":{"line":28,"column":20}},"locations":[{"start":{"line":27,"column":8},"end":{"line":28,"column":20}}]}},"b":{"0":[8],"1":[9],"2":[2],"3":[7],"4":[6],"5":[1],"6":[8],"7":[4],"8":[2],"9":[3]},"fnMap":{"0":{"name":"sameAs","decl":{"start":{"line":15,"column":22},"end":{"line":30,"column":2}},"loc":{"start":{"line":15,"column":22},"end":{"line":30,"column":2}},"line":15}},"f":{"0":8}}
,"C:\\Users\\siyavuyachagi\\Desktop\\vuesanity\\src\\validators\\string\\url.ts": {"path":"C:\\Users\\siyavuyachagi\\Desktop\\vuesanity\\src\\validators\\string\\url.ts","all":false,"statementMap":{"13":{"start":{"line":14,"column":0},"end":{"line":14,"column":58}},"14":{"start":{"line":15,"column":0},"end":{"line":15,"column":43}},"15":{"start":{"line":16,"column":0},"end":{"line":16,"column":32}},"16":{"start":{"line":17,"column":0},"end":{"line":17,"column":13}},"17":{"start":{"line":18,"column":0},"end":{"line":18,"column":27}},"18":{"start":{"line":19,"column":0},"end":{"line":19,"column":24}},"19":{"start":{"line":20,"column":0},"end":{"line":20,"column":17}},"20":{"start":{"line":21,"column":0},"end":{"line":21,"column":51}},"21":{"start":{"line":22,"column":0},"end":{"line":22,"column":9}},"22":{"start":{"line":23,"column":0},"end":{"line":23,"column":6}},"23":{"start":{"line":24,"column":0},"end":{"line":24,"column":2}}},"s":{"13":1,"14":7,"15":10,"16":9,"17":9,"18":9,"19":10,"20":4,"21":4,"22":10,"23":7},"branchMap":{"0":{"type":"branch","line":14,"loc":{"start":{"line":14,"column":19},"end":{"line":24,"column":2}},"locations":[{"start":{"line":14,"column":19},"end":{"line":24,"column":2}}]},"1":{"type":"branch","line":15,"loc":{"start":{"line":15,"column":11},"end":{"line":23,"column":6}},"locations":[{"start":{"line":15,"column":11},"end":{"line":23,"column":6}}]},"2":{"type":"branch","line":16,"loc":{"start":{"line":16,"column":20},"end":{"line":16,"column":32}},"locations":[{"start":{"line":16,"column":20},"end":{"line":16,"column":32}}]},"3":{"type":"branch","line":16,"loc":{"start":{"line":16,"column":27},"end":{"line":20,"column":16}},"locations":[{"start":{"line":16,"column":27},"end":{"line":20,"column":16}}]},"4":{"type":"branch","line":20,"loc":{"start":{"line":20,"column":8},"end":{"line":22,"column":9}},"locations":[{"start":{"line":20,"column":8},"end":{"line":22,"column":9}}]},"5":{"type":"branch","line":21,"loc":{"start":{"line":21,"column":19},"end":{"line":21,"column":51}},"locations":[{"start":{"line":21,"column":19},"end":{"line":21,"column":51}}]}},"b":{"0":[7],"1":[10],"2":[1],"3":[9],"4":[4],"5":[3]},"fnMap":{"0":{"name":"url","decl":{"start":{"line":14,"column":19},"end":{"line":24,"column":2}},"loc":{"start":{"line":14,"column":19},"end":{"line":24,"column":2}},"line":14}},"f":{"0":7}}
}
